<?xml version="1.0" encoding="UTF-8"?>
<robot generator="Robot 6.0.1 (Python 3.9.9 on win32)" generated="20221229 11:16:27.126" rpa="false" schemaversion="3">
<suite id="s1" name="Tests" source="C:\qaninja\buger-eats-partner-api-tests\tests">
<suite id="s1-s1" name="Post" source="C:\qaninja\buger-eats-partner-api-tests\tests\post.robot">
<test id="s1-s1-t1" name="Should create a new partner" line="7">
<kw name="Factory New Partner" library="partner">
<var>${partner}</var>
<msg timestamp="20221229 11:16:27.482" level="INFO">${partner} = {'name': 'Pizzas Papito', 'email': 'contato@papito.com.br', 'whatsapp': '11999999999', 'business': 'Restaurante'}</msg>
<status status="PASS" starttime="20221229 11:16:27.481" endtime="20221229 11:16:27.482"/>
</kw>
<kw name="Remove Partner By Name" library="database">
<arg>${partner}[name]</arg>
<kw name="Create Dictionary" library="BuiltIn">
<var>${filter}</var>
<arg>name=${partner_name}</arg>
<doc>Creates and returns a dictionary based on the given ``items``.</doc>
<msg timestamp="20221229 11:16:27.484" level="INFO">${filter} = {'name': 'Pizzas Papito'}</msg>
<status status="PASS" starttime="20221229 11:16:27.483" endtime="20221229 11:16:27.484"/>
</kw>
<kw name="Delete One" library="RobotMongoDBLibrary.Delete">
<arg>${MONGO_URI}</arg>
<arg>${filter}</arg>
<status status="PASS" starttime="20221229 11:16:27.484" endtime="20221229 11:16:28.943"/>
</kw>
<status status="PASS" starttime="20221229 11:16:27.482" endtime="20221229 11:16:28.944"/>
</kw>
<kw name="POST Partner" library="services">
<var>${response}</var>
<arg>${partner}</arg>
<kw name="POST" library="RequestsLibrary">
<var>${response}</var>
<arg>${BASE_URL}</arg>
<arg>json=${payload}</arg>
<arg>headers=${HEADERS}</arg>
<arg>expected_status=any</arg>
<doc>Sends a POST request.</doc>
<msg timestamp="20221229 11:16:29.095" level="INFO">POST Request : url=http://localhost:3333/partners 
 path_url=/partners 
 headers={'User-Agent': 'python-requests/2.28.1', 'Accept-Encoding': 'gzip, deflate', 'Accept': '*/*', 'Connection': 'keep-alive', 'Content-Type': 'application/json', 'auth_user': 'qa', 'auth_password': 'ninja', 'Content-Length': '113'} 
 body=b'{"name": "Pizzas Papito", "email": "contato@papito.com.br", "whatsapp": "11999999999", "business": "Restaurante"}' 
 </msg>
<msg timestamp="20221229 11:16:29.095" level="INFO">POST Response : url=http://localhost:3333/partners 
 status=201, reason=Created 
 headers={'X-Powered-By': 'Express', 'Access-Control-Allow-Origin': '*', 'Access-Control-Expose-Headers': 'Authorization,auth_user,auth_password', 'Content-Type': 'application/json; charset=utf-8', 'Content-Length': '41', 'ETag': 'W/"29-ZWyVLPBgKhon23PVyc9+kR7+UU0"', 'Date': 'Thu, 29 Dec 2022 14:16:29 GMT', 'Connection': 'keep-alive', 'Keep-Alive': 'timeout=5'} 
 body={"partner_id":"63ada13c892655ec837dc693"} 
 </msg>
<msg timestamp="20221229 11:16:29.095" level="INFO">${response} = &lt;Response [201]&gt;</msg>
<status status="PASS" starttime="20221229 11:16:28.946" endtime="20221229 11:16:29.095"/>
</kw>
<msg timestamp="20221229 11:16:29.095" level="INFO">${response} = &lt;Response [201]&gt;</msg>
<status status="PASS" starttime="20221229 11:16:28.945" endtime="20221229 11:16:29.095"/>
</kw>
<kw name="Status Should Be" library="RequestsLibrary">
<arg>201</arg>
<doc>Fails if response status code is different than the expected.</doc>
<status status="PASS" starttime="20221229 11:16:29.096" endtime="20221229 11:16:29.096"/>
</kw>
<kw name="Find Partner By Name" library="database">
<var>${result}</var>
<arg>${partner}[name]</arg>
<kw name="Create Dictionary" library="BuiltIn">
<var>${filter}</var>
<arg>name=${partner_name}</arg>
<doc>Creates and returns a dictionary based on the given ``items``.</doc>
<msg timestamp="20221229 11:16:29.098" level="INFO">${filter} = {'name': 'Pizzas Papito'}</msg>
<status status="PASS" starttime="20221229 11:16:29.097" endtime="20221229 11:16:29.098"/>
</kw>
<kw name="Find" library="RobotMongoDBLibrary.Find">
<var>${results}</var>
<arg>${MONGO_URI}</arg>
<arg>${filter}</arg>
<msg timestamp="20221229 11:16:30.512" level="INFO">${results} = [{'_id': '63ada13c892655ec837dc693', 'name': 'Pizzas Papito', 'email': 'contato@papito.com.br', 'whatsapp': '11999999999', 'business': 'Restaurante', 'active': False, 'created_at': datetime.datetime(2...</msg>
<status status="PASS" starttime="20221229 11:16:29.098" endtime="20221229 11:16:30.512"/>
</kw>
<msg timestamp="20221229 11:16:30.513" level="INFO">${result} = {'_id': '63ada13c892655ec837dc693', 'name': 'Pizzas Papito', 'email': 'contato@papito.com.br', 'whatsapp': '11999999999', 'business': 'Restaurante', 'active': False, 'created_at': datetime.datetime(20...</msg>
<status status="PASS" starttime="20221229 11:16:29.097" endtime="20221229 11:16:30.513"/>
</kw>
<kw name="Should Be Equal" library="BuiltIn">
<arg>${response.json()}[partner_id]</arg>
<arg>${result}[_id]</arg>
<doc>Fails if the given objects are unequal.</doc>
<status status="PASS" starttime="20221229 11:16:30.514" endtime="20221229 11:16:30.515"/>
</kw>
<kw name="Log To Console" library="BuiltIn">
<arg>Teste OK</arg>
<doc>Logs the given message to the console.</doc>
<status status="PASS" starttime="20221229 11:16:30.516" endtime="20221229 11:16:30.516"/>
</kw>
<tag>happy</tag>
<status status="PASS" starttime="20221229 11:16:27.480" endtime="20221229 11:16:30.518"/>
</test>
<doc>POST /partners</doc>
<status status="PASS" starttime="20221229 11:16:27.158" endtime="20221229 11:16:30.519"/>
</suite>
<status status="PASS" starttime="20221229 11:16:27.128" endtime="20221229 11:16:30.523"/>
</suite>
<statistics>
<total>
<stat pass="1" fail="0" skip="0">All Tests</stat>
</total>
<tag>
<stat pass="1" fail="0" skip="0">happy</stat>
</tag>
<suite>
<stat pass="1" fail="0" skip="0" id="s1" name="Tests">Tests</stat>
<stat pass="1" fail="0" skip="0" id="s1-s1" name="Post">Tests.Post</stat>
</suite>
</statistics>
<errors>
</errors>
</robot>
