<?xml version="1.0" encoding="UTF-8"?>
<robot generator="Robot 6.0.1 (Python 3.9.9 on win32)" generated="20221228 11:22:44.073" rpa="false" schemaversion="3">
<suite id="s1" name="Put" source="C:\qaninja\buger-eats-partner-api-tests\tests\put.robot">
<test id="s1-t1" name="Should enable a partner" line="7">
<kw name="Factory Enable Partner" library="partner">
<var>${partner}</var>
<msg timestamp="20221228 11:22:44.415" level="INFO">${partner} = {'name': 'Doceria do Alemão', 'email': 'contato@doceriaalm.com.br', 'whatsapp': '11999999999', 'business': 'Conveniência'}</msg>
<status status="PASS" starttime="20221228 11:22:44.415" endtime="20221228 11:22:44.415"/>
</kw>
<kw name="Remove Partner By Name" library="database">
<arg>${partner}[name]</arg>
<kw name="Create Dictionary" library="BuiltIn">
<var>${filter}</var>
<arg>name=${partner_name}</arg>
<doc>Creates and returns a dictionary based on the given ``items``.</doc>
<msg timestamp="20221228 11:22:44.416" level="INFO">${filter} = {'name': 'Doceria do Alemão'}</msg>
<status status="PASS" starttime="20221228 11:22:44.416" endtime="20221228 11:22:44.416"/>
</kw>
<kw name="Delete One" library="RobotMongoDBLibrary.Delete">
<arg>${MONGO_URI}</arg>
<arg>${filter}</arg>
<status status="PASS" starttime="20221228 11:22:44.416" endtime="20221228 11:22:45.800"/>
</kw>
<status status="PASS" starttime="20221228 11:22:44.415" endtime="20221228 11:22:45.800"/>
</kw>
<kw name="POST Partner" library="services">
<var>${response}</var>
<arg>${partner}</arg>
<kw name="POST" library="RequestsLibrary">
<var>${response}</var>
<arg>${BASE_URL}</arg>
<arg>json=${payload}</arg>
<arg>headers=${HEADERS}</arg>
<arg>expected_status=any</arg>
<doc>Sends a POST request.</doc>
<msg timestamp="20221228 11:22:45.983" level="INFO">POST Request : url=http://localhost:3333/partners 
 path_url=/partners 
 headers={'User-Agent': 'python-requests/2.28.1', 'Accept-Encoding': 'gzip, deflate', 'Accept': '*/*', 'Connection': 'keep-alive', 'Content-Type': 'application/json', 'auth_user': 'qa', 'auth_password': 'ninja', 'Content-Length': '132'} 
 body=b'{"name": "Doceria do Alem\\u00e3o", "email": "contato@doceriaalm.com.br", "whatsapp": "11999999999", "business": "Conveni\\u00eancia"}' 
 </msg>
<msg timestamp="20221228 11:22:45.983" level="INFO">POST Response : url=http://localhost:3333/partners 
 status=201, reason=Created 
 headers={'X-Powered-By': 'Express', 'Access-Control-Allow-Origin': '*', 'Access-Control-Expose-Headers': 'Authorization,auth_user,auth_password', 'Content-Type': 'application/json; charset=utf-8', 'Content-Length': '41', 'ETag': 'W/"29-9wnIXPvnGiEYR2na4jhxYnA/Pb8"', 'Date': 'Wed, 28 Dec 2022 14:22:45 GMT', 'Connection': 'keep-alive', 'Keep-Alive': 'timeout=5'} 
 body={"partner_id":"63ac51351456f6fcb7c61894"} 
 </msg>
<msg timestamp="20221228 11:22:45.983" level="INFO">${response} = &lt;Response [201]&gt;</msg>
<status status="PASS" starttime="20221228 11:22:45.804" endtime="20221228 11:22:45.983"/>
</kw>
<msg timestamp="20221228 11:22:45.984" level="INFO">${response} = &lt;Response [201]&gt;</msg>
<status status="PASS" starttime="20221228 11:22:45.803" endtime="20221228 11:22:45.984"/>
</kw>
<kw name="Set Variable" library="BuiltIn">
<var>${partner_id}</var>
<arg>${response.json()}[partner_id]</arg>
<doc>Returns the given values which can then be assigned to a variables.</doc>
<msg timestamp="20221228 11:22:45.987" level="INFO">${partner_id} = 63ac51351456f6fcb7c61894</msg>
<status status="PASS" starttime="20221228 11:22:45.985" endtime="20221228 11:22:45.987"/>
</kw>
<kw name="Enable Partner" library="services">
<var>${response}</var>
<arg>${partner_id}</arg>
<kw name="PUT" library="RequestsLibrary">
<var>${response}</var>
<arg>${BASE_URL}/${partner_id}/enable</arg>
<arg>headers=${HEADERS}</arg>
<arg>expected_status=any</arg>
<doc>Sends a PUT request.</doc>
<msg timestamp="20221228 11:22:46.138" level="INFO">PUT Request : url=http://localhost:3333/partners/63ac51351456f6fcb7c61894/enable 
 path_url=/partners/63ac51351456f6fcb7c61894/enable 
 headers={'User-Agent': 'python-requests/2.28.1', 'Accept-Encoding': 'gzip, deflate', 'Accept': '*/*', 'Connection': 'keep-alive', 'Content-Type': 'application/json', 'auth_user': 'qa', 'auth_password': 'ninja', 'Content-Length': '0'} 
 body=None 
 </msg>
<msg timestamp="20221228 11:22:46.138" level="INFO">PUT Response : url=http://localhost:3333/partners/63ac51351456f6fcb7c61894/enable 
 status=200, reason=OK 
 headers={'X-Powered-By': 'Express', 'Access-Control-Allow-Origin': '*', 'Access-Control-Expose-Headers': 'Authorization,auth_user,auth_password', 'Date': 'Wed, 28 Dec 2022 14:22:46 GMT', 'Connection': 'keep-alive', 'Keep-Alive': 'timeout=5', 'Content-Length': '0'} 
 body=None 
 </msg>
<msg timestamp="20221228 11:22:46.139" level="INFO">${response} = &lt;Response [200]&gt;</msg>
<status status="PASS" starttime="20221228 11:22:45.988" endtime="20221228 11:22:46.139"/>
</kw>
<msg timestamp="20221228 11:22:46.140" level="INFO">${response} = &lt;Response [200]&gt;</msg>
<status status="PASS" starttime="20221228 11:22:45.988" endtime="20221228 11:22:46.140"/>
</kw>
<kw name="Status Should Be" library="RequestsLibrary">
<arg>200</arg>
<doc>Fails if response status code is different than the expected.</doc>
<status status="PASS" starttime="20221228 11:22:46.142" endtime="20221228 11:22:46.144"/>
</kw>
<status status="PASS" starttime="20221228 11:22:44.413" endtime="20221228 11:22:46.148"/>
</test>
<test id="s1-t2" name="Should return 404 on enable a partner" line="19">
<kw name="Factory 404 Partner" library="partner">
<var>${partner}</var>
<msg timestamp="20221228 11:22:46.155" level="INFO">${partner} = {'name': 'Franqueto', 'email': 'contato@Franqueto.com.br', 'whatsapp': '11999999999', 'business': 'Restaurante'}</msg>
<status status="PASS" starttime="20221228 11:22:46.155" endtime="20221228 11:22:46.157"/>
</kw>
<kw name="Remove Partner By Name" library="database">
<arg>${partner}[name]</arg>
<kw name="Create Dictionary" library="BuiltIn">
<var>${filter}</var>
<arg>name=${partner_name}</arg>
<doc>Creates and returns a dictionary based on the given ``items``.</doc>
<msg timestamp="20221228 11:22:46.165" level="INFO">${filter} = {'name': 'Franqueto'}</msg>
<status status="PASS" starttime="20221228 11:22:46.162" endtime="20221228 11:22:46.165"/>
</kw>
<kw name="Delete One" library="RobotMongoDBLibrary.Delete">
<arg>${MONGO_URI}</arg>
<arg>${filter}</arg>
<status status="PASS" starttime="20221228 11:22:46.165" endtime="20221228 11:22:47.510"/>
</kw>
<status status="PASS" starttime="20221228 11:22:46.159" endtime="20221228 11:22:47.511"/>
</kw>
<kw name="POST Partner" library="services">
<var>${response}</var>
<arg>${partner}</arg>
<kw name="POST" library="RequestsLibrary">
<var>${response}</var>
<arg>${BASE_URL}</arg>
<arg>json=${payload}</arg>
<arg>headers=${HEADERS}</arg>
<arg>expected_status=any</arg>
<doc>Sends a POST request.</doc>
<msg timestamp="20221228 11:22:47.662" level="INFO">POST Request : url=http://localhost:3333/partners 
 path_url=/partners 
 headers={'User-Agent': 'python-requests/2.28.1', 'Accept-Encoding': 'gzip, deflate', 'Accept': '*/*', 'Connection': 'keep-alive', 'Content-Type': 'application/json', 'auth_user': 'qa', 'auth_password': 'ninja', 'Content-Length': '112'} 
 body=b'{"name": "Franqueto", "email": "contato@Franqueto.com.br", "whatsapp": "11999999999", "business": "Restaurante"}' 
 </msg>
<msg timestamp="20221228 11:22:47.663" level="INFO">POST Response : url=http://localhost:3333/partners 
 status=201, reason=Created 
 headers={'X-Powered-By': 'Express', 'Access-Control-Allow-Origin': '*', 'Access-Control-Expose-Headers': 'Authorization,auth_user,auth_password', 'Content-Type': 'application/json; charset=utf-8', 'Content-Length': '41', 'ETag': 'W/"29-cyGfQBAgnoCWR83bDXgfF7IYNgw"', 'Date': 'Wed, 28 Dec 2022 14:22:47 GMT', 'Connection': 'keep-alive', 'Keep-Alive': 'timeout=5'} 
 body={"partner_id":"63ac51371456f6fcb7c61897"} 
 </msg>
<msg timestamp="20221228 11:22:47.663" level="INFO">${response} = &lt;Response [201]&gt;</msg>
<status status="PASS" starttime="20221228 11:22:47.513" endtime="20221228 11:22:47.663"/>
</kw>
<msg timestamp="20221228 11:22:47.664" level="INFO">${response} = &lt;Response [201]&gt;</msg>
<status status="PASS" starttime="20221228 11:22:47.513" endtime="20221228 11:22:47.664"/>
</kw>
<kw name="Set Variable" library="BuiltIn">
<var>${partner_id}</var>
<arg>${response.json()}[partner_id]</arg>
<doc>Returns the given values which can then be assigned to a variables.</doc>
<msg timestamp="20221228 11:22:47.668" level="INFO">${partner_id} = 63ac51371456f6fcb7c61897</msg>
<status status="PASS" starttime="20221228 11:22:47.666" endtime="20221228 11:22:47.668"/>
</kw>
<kw name="Remove Partner By Name" library="database">
<arg>${partner}[name]</arg>
<kw name="Create Dictionary" library="BuiltIn">
<var>${filter}</var>
<arg>name=${partner_name}</arg>
<doc>Creates and returns a dictionary based on the given ``items``.</doc>
<msg timestamp="20221228 11:22:47.671" level="INFO">${filter} = {'name': 'Franqueto'}</msg>
<status status="PASS" starttime="20221228 11:22:47.670" endtime="20221228 11:22:47.671"/>
</kw>
<kw name="Delete One" library="RobotMongoDBLibrary.Delete">
<arg>${MONGO_URI}</arg>
<arg>${filter}</arg>
<status status="PASS" starttime="20221228 11:22:47.671" endtime="20221228 11:22:49.062"/>
</kw>
<status status="PASS" starttime="20221228 11:22:47.669" endtime="20221228 11:22:49.063"/>
</kw>
<kw name="Enable Partner" library="services">
<var>${response}</var>
<arg>${partner_id}</arg>
<kw name="PUT" library="RequestsLibrary">
<var>${response}</var>
<arg>${BASE_URL}/${partner_id}/enable</arg>
<arg>headers=${HEADERS}</arg>
<arg>expected_status=any</arg>
<doc>Sends a PUT request.</doc>
<msg timestamp="20221228 11:22:49.220" level="INFO">PUT Request : url=http://localhost:3333/partners/63ac51371456f6fcb7c61897/enable 
 path_url=/partners/63ac51371456f6fcb7c61897/enable 
 headers={'User-Agent': 'python-requests/2.28.1', 'Accept-Encoding': 'gzip, deflate', 'Accept': '*/*', 'Connection': 'keep-alive', 'Content-Type': 'application/json', 'auth_user': 'qa', 'auth_password': 'ninja', 'Content-Length': '0'} 
 body=None 
 </msg>
<msg timestamp="20221228 11:22:49.220" level="INFO">PUT Response : url=http://localhost:3333/partners/63ac51371456f6fcb7c61897/enable 
 status=404, reason=Not Found 
 headers={'X-Powered-By': 'Express', 'Access-Control-Allow-Origin': '*', 'Access-Control-Expose-Headers': 'Authorization,auth_user,auth_password', 'Date': 'Wed, 28 Dec 2022 14:22:49 GMT', 'Connection': 'keep-alive', 'Keep-Alive': 'timeout=5', 'Content-Length': '0'} 
 body=None 
 </msg>
<msg timestamp="20221228 11:22:49.220" level="INFO">${response} = &lt;Response [404]&gt;</msg>
<status status="PASS" starttime="20221228 11:22:49.066" endtime="20221228 11:22:49.222"/>
</kw>
<msg timestamp="20221228 11:22:49.222" level="INFO">${response} = &lt;Response [404]&gt;</msg>
<status status="PASS" starttime="20221228 11:22:49.064" endtime="20221228 11:22:49.222"/>
</kw>
<kw name="Status Should Be" library="RequestsLibrary">
<arg>404</arg>
<doc>Fails if response status code is different than the expected.</doc>
<status status="PASS" starttime="20221228 11:22:49.223" endtime="20221228 11:22:49.225"/>
</kw>
<status status="PASS" starttime="20221228 11:22:46.153" endtime="20221228 11:22:49.226"/>
</test>
<doc>PUT /partners</doc>
<status status="PASS" starttime="20221228 11:22:44.074" endtime="20221228 11:22:49.233"/>
</suite>
<statistics>
<total>
<stat pass="2" fail="0" skip="0">All Tests</stat>
</total>
<tag>
</tag>
<suite>
<stat pass="2" fail="0" skip="0" id="s1" name="Put">Put</stat>
</suite>
</statistics>
<errors>
</errors>
</robot>
