<?xml version="1.0" encoding="UTF-8"?>
<robot generator="Robot 6.0.1 (Python 3.9.9 on win32)" generated="20221228 14:35:14.759" rpa="false" schemaversion="3">
<suite id="s1" name="Tests" source="C:\qaninja\buger-eats-partner-api-tests\tests">
<suite id="s1-s1" name="Get" source="C:\qaninja\buger-eats-partner-api-tests\tests\get.robot">
<kw name="Create Partner List" type="SETUP">
<kw name="Factory Partner List" library="partner">
<var>${partners}</var>
<msg timestamp="20221228 14:35:15.078" level="INFO">${partners} = [{'name': 'Adega do Alemão', 'email': 'contato@alemao.com.br', 'whatsapp': '21999999999', 'business': 'Conveniência'}, {'name': 'mercearia do João', 'email': 'contato@joao.com.br', 'whatsapp': '319999...</msg>
<status status="PASS" starttime="20221228 14:35:15.078" endtime="20221228 14:35:15.078"/>
</kw>
<for flavor="IN">
<var>${p}</var>
<value>@{partners}</value>
<iter>
<var name="${p}">{'name': 'Adega do Alemão', 'email': 'contato@alemao.com.br', 'whatsapp': '21999999999', 'business': 'Conveniência'}</var>
<kw name="POST Partner" library="services">
<arg>${p}</arg>
<kw name="POST" library="RequestsLibrary">
<var>${response}</var>
<arg>${BASE_URL}</arg>
<arg>json=${payload}</arg>
<arg>headers=${HEADERS}</arg>
<arg>expected_status=any</arg>
<doc>Sends a POST request.</doc>
<msg timestamp="20221228 14:35:15.221" level="INFO">POST Request : url=http://localhost:3333/partners 
 path_url=/partners 
 headers={'User-Agent': 'python-requests/2.28.1', 'Accept-Encoding': 'gzip, deflate', 'Accept': '*/*', 'Connection': 'keep-alive', 'Content-Type': 'application/json', 'auth_user': 'qa', 'auth_password': 'ninja', 'Content-Length': '126'} 
 body=b'{"name": "Adega do Alem\\u00e3o", "email": "contato@alemao.com.br", "whatsapp": "21999999999", "business": "Conveni\\u00eancia"}' 
 </msg>
<msg timestamp="20221228 14:35:15.221" level="INFO">POST Response : url=http://localhost:3333/partners 
 status=409, reason=Conflict 
 headers={'X-Powered-By': 'Express', 'Access-Control-Allow-Origin': '*', 'Access-Control-Expose-Headers': 'Authorization,auth_user,auth_password', 'Content-Type': 'application/json; charset=utf-8', 'Content-Length': '36', 'ETag': 'W/"24-npRjBxR/ioA1Ds6xvIHfcGoYoY4"', 'Date': 'Wed, 28 Dec 2022 17:35:15 GMT', 'Connection': 'keep-alive', 'Keep-Alive': 'timeout=5'} 
 body={"message":"Duplicate company name"} 
 </msg>
<msg timestamp="20221228 14:35:15.221" level="INFO">${response} = &lt;Response [409]&gt;</msg>
<status status="PASS" starttime="20221228 14:35:15.079" endtime="20221228 14:35:15.221"/>
</kw>
<status status="PASS" starttime="20221228 14:35:15.079" endtime="20221228 14:35:15.221"/>
</kw>
<status status="PASS" starttime="20221228 14:35:15.079" endtime="20221228 14:35:15.221"/>
</iter>
<iter>
<var name="${p}">{'name': 'mercearia do João', 'email': 'contato@joao.com.br', 'whatsapp': '31999999999', 'business': 'Supermercado'}</var>
<kw name="POST Partner" library="services">
<arg>${p}</arg>
<kw name="POST" library="RequestsLibrary">
<var>${response}</var>
<arg>${BASE_URL}</arg>
<arg>json=${payload}</arg>
<arg>headers=${HEADERS}</arg>
<arg>expected_status=any</arg>
<doc>Sends a POST request.</doc>
<msg timestamp="20221228 14:35:15.356" level="INFO">POST Request : url=http://localhost:3333/partners 
 path_url=/partners 
 headers={'User-Agent': 'python-requests/2.28.1', 'Accept-Encoding': 'gzip, deflate', 'Accept': '*/*', 'Connection': 'keep-alive', 'Content-Type': 'application/json', 'auth_user': 'qa', 'auth_password': 'ninja', 'Content-Length': '121'} 
 body=b'{"name": "mercearia do Jo\\u00e3o", "email": "contato@joao.com.br", "whatsapp": "31999999999", "business": "Supermercado"}' 
 </msg>
<msg timestamp="20221228 14:35:15.358" level="INFO">POST Response : url=http://localhost:3333/partners 
 status=409, reason=Conflict 
 headers={'X-Powered-By': 'Express', 'Access-Control-Allow-Origin': '*', 'Access-Control-Expose-Headers': 'Authorization,auth_user,auth_password', 'Content-Type': 'application/json; charset=utf-8', 'Content-Length': '36', 'ETag': 'W/"24-npRjBxR/ioA1Ds6xvIHfcGoYoY4"', 'Date': 'Wed, 28 Dec 2022 17:35:15 GMT', 'Connection': 'keep-alive', 'Keep-Alive': 'timeout=5'} 
 body={"message":"Duplicate company name"} 
 </msg>
<msg timestamp="20221228 14:35:15.358" level="INFO">${response} = &lt;Response [409]&gt;</msg>
<status status="PASS" starttime="20221228 14:35:15.221" endtime="20221228 14:35:15.358"/>
</kw>
<status status="PASS" starttime="20221228 14:35:15.221" endtime="20221228 14:35:15.358"/>
</kw>
<status status="PASS" starttime="20221228 14:35:15.221" endtime="20221228 14:35:15.358"/>
</iter>
<iter>
<var name="${p}">{'name': 'Restaurante do Gordão', 'email': 'contato@gordao.com.br', 'whatsapp': '81999999999', 'business': 'Restaurante'}</var>
<kw name="POST Partner" library="services">
<arg>${p}</arg>
<kw name="POST" library="RequestsLibrary">
<var>${response}</var>
<arg>${BASE_URL}</arg>
<arg>json=${payload}</arg>
<arg>headers=${HEADERS}</arg>
<arg>expected_status=any</arg>
<doc>Sends a POST request.</doc>
<msg timestamp="20221228 14:35:15.495" level="INFO">POST Request : url=http://localhost:3333/partners 
 path_url=/partners 
 headers={'User-Agent': 'python-requests/2.28.1', 'Accept-Encoding': 'gzip, deflate', 'Accept': '*/*', 'Connection': 'keep-alive', 'Content-Type': 'application/json', 'auth_user': 'qa', 'auth_password': 'ninja', 'Content-Length': '126'} 
 body=b'{"name": "Restaurante do Gord\\u00e3o", "email": "contato@gordao.com.br", "whatsapp": "81999999999", "business": "Restaurante"}' 
 </msg>
<msg timestamp="20221228 14:35:15.495" level="INFO">POST Response : url=http://localhost:3333/partners 
 status=409, reason=Conflict 
 headers={'X-Powered-By': 'Express', 'Access-Control-Allow-Origin': '*', 'Access-Control-Expose-Headers': 'Authorization,auth_user,auth_password', 'Content-Type': 'application/json; charset=utf-8', 'Content-Length': '36', 'ETag': 'W/"24-npRjBxR/ioA1Ds6xvIHfcGoYoY4"', 'Date': 'Wed, 28 Dec 2022 17:35:15 GMT', 'Connection': 'keep-alive', 'Keep-Alive': 'timeout=5'} 
 body={"message":"Duplicate company name"} 
 </msg>
<msg timestamp="20221228 14:35:15.495" level="INFO">${response} = &lt;Response [409]&gt;</msg>
<status status="PASS" starttime="20221228 14:35:15.358" endtime="20221228 14:35:15.495"/>
</kw>
<status status="PASS" starttime="20221228 14:35:15.358" endtime="20221228 14:35:15.495"/>
</kw>
<status status="PASS" starttime="20221228 14:35:15.358" endtime="20221228 14:35:15.495"/>
</iter>
<status status="PASS" starttime="20221228 14:35:15.078" endtime="20221228 14:35:15.495"/>
</for>
<status status="PASS" starttime="20221228 14:35:15.078" endtime="20221228 14:35:15.496"/>
</kw>
<test id="s1-s1-t1" name="Should return a partner list" line="9">
<kw name="GET Partners" library="services">
<var>${response}</var>
<kw name="GET" library="RequestsLibrary">
<var>${response}</var>
<arg>${BASE_URL}</arg>
<arg>headers=${HEADERS}</arg>
<arg>expected_status=any</arg>
<doc>Sends a GET request.</doc>
<msg timestamp="20221228 14:35:15.631" level="INFO">GET Request : url=http://localhost:3333/partners 
 path_url=/partners 
 headers={'User-Agent': 'python-requests/2.28.1', 'Accept-Encoding': 'gzip, deflate', 'Accept': '*/*', 'Connection': 'keep-alive', 'Content-Type': 'application/json', 'auth_user': 'qa', 'auth_password': 'ninja'} 
 body=None 
 </msg>
<msg timestamp="20221228 14:35:15.631" level="INFO">GET Response : url=http://localhost:3333/partners 
 status=200, reason=OK 
 headers={'X-Powered-By': 'Express', 'Access-Control-Allow-Origin': '*', 'Access-Control-Expose-Headers': 'Authorization,auth_user,auth_password', 'Content-Type': 'application/json; charset=utf-8', 'Content-Length': '1204', 'ETag': 'W/"4b4-ooMY+q/VqfUx7yKy1mMVU38TFiY"', 'Date': 'Wed, 28 Dec 2022 17:35:15 GMT', 'Connection': 'keep-alive', 'Keep-Alive': 'timeout=5'} 
 body=[{"_id":"63ac7e48572003ffc2549cb7","name":"Pizzas Papito","email":"contato@papito.com.br","whatsapp":"11999999999","business":"Restaurante","active":false,"created_at":"2022-12-28T17:35:04.672Z","updated_at":"2022-12-28T17:35:04.672Z"},{"_id":"63ac7d57572003ffc2549c8d","name":"Doceria do Alemão","email":"contato@doceriaalm.com.br","whatsapp":"11999999999","business":"Conveniência","active":true,"created_at":"2022-12-28T17:31:03.136Z","updated_at":"2022-12-28T17:31:03.275Z"},{"_id":"63ac7a12572003ffc2549c5a","name":"Restaurante do Gordão","email":"contato@gordao.com.br","whatsapp":"81999999999","business":"Restaurante","active":false,"created_at":"2022-12-28T17:17:06.678Z","updated_at":"2022-12-28T17:17:06.678Z"},{"_id":"63ac7a12572003ffc2549c58","name":"mercearia do João","email":"contato@joao.com.br","whatsapp":"31999999999","business":"Supermercado","active":false,"created_at":"2022-12-28T17:17:06.514Z","updated_at":"2022-12-28T17:17:06.514Z"},{"_id":"63ac7a12572003ffc2549c56","name":"Adega do Alemão","email":"contato@alemao.com.br","whatsapp":"21999999999","business":"Conveniência","active":false,"created_at":"2022-12-28T17:17:06.361Z","updated_at":"2022-12-28T17:17:06.361Z"}] 
 </msg>
<msg timestamp="20221228 14:35:15.631" level="INFO">${response} = &lt;Response [200]&gt;</msg>
<status status="PASS" starttime="20221228 14:35:15.497" endtime="20221228 14:35:15.631"/>
</kw>
<msg timestamp="20221228 14:35:15.631" level="INFO">${response} = &lt;Response [200]&gt;</msg>
<status status="PASS" starttime="20221228 14:35:15.497" endtime="20221228 14:35:15.631"/>
</kw>
<kw name="Status Should Be" library="RequestsLibrary">
<arg>200</arg>
<doc>Fails if response status code is different than the expected.</doc>
<status status="PASS" starttime="20221228 14:35:15.631" endtime="20221228 14:35:15.633"/>
</kw>
<kw name="Get Length" library="BuiltIn">
<var>${size}</var>
<arg>${response.json()}</arg>
<doc>Returns and logs the length of the given item as an integer.</doc>
<msg timestamp="20221228 14:35:15.634" level="INFO">Length is 5</msg>
<msg timestamp="20221228 14:35:15.634" level="INFO">${size} = 5</msg>
<status status="PASS" starttime="20221228 14:35:15.633" endtime="20221228 14:35:15.634"/>
</kw>
<kw name="Should Be True" library="BuiltIn">
<arg>${size} &gt; 0</arg>
<doc>Fails if the given condition is not true.</doc>
<status status="PASS" starttime="20221228 14:35:15.634" endtime="20221228 14:35:15.634"/>
</kw>
<status status="PASS" starttime="20221228 14:35:15.496" endtime="20221228 14:35:15.634"/>
</test>
<test id="s1-s1-t2" name="Should search partner by name" line="18">
<kw name="Search Partner" library="services">
<var>${response}</var>
<arg>Gordão</arg>
<kw name="Create Dictionary" library="BuiltIn">
<var>${query}</var>
<arg>name=${name}</arg>
<doc>Creates and returns a dictionary based on the given ``items``.</doc>
<msg timestamp="20221228 14:35:15.638" level="INFO">${query} = {'name': 'Gordão'}</msg>
<status status="PASS" starttime="20221228 14:35:15.636" endtime="20221228 14:35:15.638"/>
</kw>
<kw name="GET" library="RequestsLibrary">
<var>${response}</var>
<arg>${BASE_URL}</arg>
<arg>params=${query}</arg>
<arg>headers=${HEADERS}</arg>
<arg>expected_status=any</arg>
<doc>Sends a GET request.</doc>
<msg timestamp="20221228 14:35:15.770" level="INFO">GET Request : url=http://localhost:3333/partners?name=Gord%C3%A3o 
 path_url=/partners?name=Gord%C3%A3o 
 headers={'User-Agent': 'python-requests/2.28.1', 'Accept-Encoding': 'gzip, deflate', 'Accept': '*/*', 'Connection': 'keep-alive', 'Content-Type': 'application/json', 'auth_user': 'qa', 'auth_password': 'ninja'} 
 body=None 
 </msg>
<msg timestamp="20221228 14:35:15.770" level="INFO">GET Response : url=http://localhost:3333/partners?name=Gord%C3%A3o 
 status=200, reason=OK 
 headers={'X-Powered-By': 'Express', 'Access-Control-Allow-Origin': '*', 'Access-Control-Expose-Headers': 'Authorization,auth_user,auth_password', 'Content-Type': 'application/json; charset=utf-8', 'Content-Length': '245', 'ETag': 'W/"f5-XvsRbtxWYZPgOvr3qHmR/xGaK4Q"', 'Date': 'Wed, 28 Dec 2022 17:35:15 GMT', 'Connection': 'keep-alive', 'Keep-Alive': 'timeout=5'} 
 body=[{"_id":"63ac7a12572003ffc2549c5a","name":"Restaurante do Gordão","email":"contato@gordao.com.br","whatsapp":"81999999999","business":"Restaurante","active":false,"created_at":"2022-12-28T17:17:06.678Z","updated_at":"2022-12-28T17:17:06.678Z"}] 
 </msg>
<msg timestamp="20221228 14:35:15.770" level="INFO">${response} = &lt;Response [200]&gt;</msg>
<status status="PASS" starttime="20221228 14:35:15.638" endtime="20221228 14:35:15.770"/>
</kw>
<msg timestamp="20221228 14:35:15.770" level="INFO">${response} = &lt;Response [200]&gt;</msg>
<status status="PASS" starttime="20221228 14:35:15.636" endtime="20221228 14:35:15.770"/>
</kw>
<kw name="Status Should Be" library="RequestsLibrary">
<arg>200</arg>
<doc>Fails if response status code is different than the expected.</doc>
<status status="PASS" starttime="20221228 14:35:15.772" endtime="20221228 14:35:15.772"/>
</kw>
<kw name="Get Length" library="BuiltIn">
<var>${size}</var>
<arg>${response.json()}</arg>
<doc>Returns and logs the length of the given item as an integer.</doc>
<msg timestamp="20221228 14:35:15.772" level="INFO">Length is 1</msg>
<msg timestamp="20221228 14:35:15.772" level="INFO">${size} = 1</msg>
<status status="PASS" starttime="20221228 14:35:15.772" endtime="20221228 14:35:15.772"/>
</kw>
<kw name="Should Be True" library="BuiltIn">
<arg>${size} == 1</arg>
<doc>Fails if the given condition is not true.</doc>
<status status="PASS" starttime="20221228 14:35:15.772" endtime="20221228 14:35:15.773"/>
</kw>
<kw name="Should Be Equal" library="BuiltIn">
<arg>${response.json()}[0][name]</arg>
<arg>Restaurante do Gordão</arg>
<doc>Fails if the given objects are unequal.</doc>
<status status="PASS" starttime="20221228 14:35:15.773" endtime="20221228 14:35:15.774"/>
</kw>
<status status="PASS" starttime="20221228 14:35:15.636" endtime="20221228 14:35:15.774"/>
</test>
<doc>GET /partners</doc>
<status status="PASS" starttime="20221228 14:35:14.789" endtime="20221228 14:35:15.775"/>
</suite>
<suite id="s1-s2" name="Post" source="C:\qaninja\buger-eats-partner-api-tests\tests\post.robot">
<test id="s1-s2-t1" name="Should create a new partner" line="7">
<kw name="Factory New Partner" library="partner">
<var>${partner}</var>
<msg timestamp="20221228 14:35:15.784" level="INFO">${partner} = {'name': 'Pizzas Papito', 'email': 'contato@papito.com.br', 'whatsapp': '11999999999', 'business': 'Restaurante'}</msg>
<status status="PASS" starttime="20221228 14:35:15.783" endtime="20221228 14:35:15.784"/>
</kw>
<kw name="Remove Partner By Name" library="database">
<arg>${partner}[name]</arg>
<kw name="Create Dictionary" library="BuiltIn">
<var>${filter}</var>
<arg>name=${partner_name}</arg>
<doc>Creates and returns a dictionary based on the given ``items``.</doc>
<msg timestamp="20221228 14:35:15.784" level="INFO">${filter} = {'name': 'Pizzas Papito'}</msg>
<status status="PASS" starttime="20221228 14:35:15.784" endtime="20221228 14:35:15.784"/>
</kw>
<kw name="Delete One" library="RobotMongoDBLibrary.Delete">
<arg>${MONGO_URI}</arg>
<arg>${filter}</arg>
<status status="PASS" starttime="20221228 14:35:15.784" endtime="20221228 14:35:17.470"/>
</kw>
<status status="PASS" starttime="20221228 14:35:15.784" endtime="20221228 14:35:17.470"/>
</kw>
<kw name="POST Partner" library="services">
<var>${response}</var>
<arg>${partner}</arg>
<kw name="POST" library="RequestsLibrary">
<var>${response}</var>
<arg>${BASE_URL}</arg>
<arg>json=${payload}</arg>
<arg>headers=${HEADERS}</arg>
<arg>expected_status=any</arg>
<doc>Sends a POST request.</doc>
<msg timestamp="20221228 14:35:17.612" level="INFO">POST Request : url=http://localhost:3333/partners 
 path_url=/partners 
 headers={'User-Agent': 'python-requests/2.28.1', 'Accept-Encoding': 'gzip, deflate', 'Accept': '*/*', 'Connection': 'keep-alive', 'Content-Type': 'application/json', 'auth_user': 'qa', 'auth_password': 'ninja', 'Content-Length': '113'} 
 body=b'{"name": "Pizzas Papito", "email": "contato@papito.com.br", "whatsapp": "11999999999", "business": "Restaurante"}' 
 </msg>
<msg timestamp="20221228 14:35:17.613" level="INFO">POST Response : url=http://localhost:3333/partners 
 status=201, reason=Created 
 headers={'X-Powered-By': 'Express', 'Access-Control-Allow-Origin': '*', 'Access-Control-Expose-Headers': 'Authorization,auth_user,auth_password', 'Content-Type': 'application/json; charset=utf-8', 'Content-Length': '41', 'ETag': 'W/"29-KlQFA8/4LESg6VQf5iDNT6CaDzQ"', 'Date': 'Wed, 28 Dec 2022 17:35:17 GMT', 'Connection': 'keep-alive', 'Keep-Alive': 'timeout=5'} 
 body={"partner_id":"63ac7e55572003ffc2549cc5"} 
 </msg>
<msg timestamp="20221228 14:35:17.613" level="INFO">${response} = &lt;Response [201]&gt;</msg>
<status status="PASS" starttime="20221228 14:35:17.471" endtime="20221228 14:35:17.613"/>
</kw>
<msg timestamp="20221228 14:35:17.613" level="INFO">${response} = &lt;Response [201]&gt;</msg>
<status status="PASS" starttime="20221228 14:35:17.470" endtime="20221228 14:35:17.613"/>
</kw>
<kw name="Status Should Be" library="RequestsLibrary">
<arg>201</arg>
<doc>Fails if response status code is different than the expected.</doc>
<status status="PASS" starttime="20221228 14:35:17.614" endtime="20221228 14:35:17.614"/>
</kw>
<kw name="Find Partner By Name" library="database">
<var>${result}</var>
<arg>${partner}[name]</arg>
<kw name="Create Dictionary" library="BuiltIn">
<var>${filter}</var>
<arg>name=${partner_name}</arg>
<doc>Creates and returns a dictionary based on the given ``items``.</doc>
<msg timestamp="20221228 14:35:17.615" level="INFO">${filter} = {'name': 'Pizzas Papito'}</msg>
<status status="PASS" starttime="20221228 14:35:17.615" endtime="20221228 14:35:17.615"/>
</kw>
<kw name="Find" library="RobotMongoDBLibrary.Find">
<var>${results}</var>
<arg>${MONGO_URI}</arg>
<arg>${filter}</arg>
<msg timestamp="20221228 14:35:19.009" level="INFO">${results} = [{'_id': '63ac7e55572003ffc2549cc5', 'name': 'Pizzas Papito', 'email': 'contato@papito.com.br', 'whatsapp': '11999999999', 'business': 'Restaurante', 'active': False, 'created_at': datetime.datetime(2...</msg>
<status status="PASS" starttime="20221228 14:35:17.615" endtime="20221228 14:35:19.009"/>
</kw>
<msg timestamp="20221228 14:35:19.009" level="INFO">${result} = {'_id': '63ac7e55572003ffc2549cc5', 'name': 'Pizzas Papito', 'email': 'contato@papito.com.br', 'whatsapp': '11999999999', 'business': 'Restaurante', 'active': False, 'created_at': datetime.datetime(20...</msg>
<status status="PASS" starttime="20221228 14:35:17.614" endtime="20221228 14:35:19.009"/>
</kw>
<kw name="Should Be Equal" library="BuiltIn">
<arg>${response.json()}[partner_id]</arg>
<arg>${result}[_id]</arg>
<doc>Fails if the given objects are unequal.</doc>
<status status="PASS" starttime="20221228 14:35:19.010" endtime="20221228 14:35:19.010"/>
</kw>
<status status="PASS" starttime="20221228 14:35:15.783" endtime="20221228 14:35:19.011"/>
</test>
<test id="s1-s2-t2" name="Should return duplicate company name" line="19">
<kw name="Factory Dup Name" library="partner">
<var>${partner}</var>
<msg timestamp="20221228 14:35:19.013" level="INFO">${partner} = {'name': 'Adega do alemão', 'email': 'contato@alemao.com.br', 'whatsapp': '21999999999', 'business': 'Conveniência'}</msg>
<status status="PASS" starttime="20221228 14:35:19.011" endtime="20221228 14:35:19.013"/>
</kw>
<kw name="Remove Partner By Name" library="database">
<arg>${partner}[name]</arg>
<kw name="Create Dictionary" library="BuiltIn">
<var>${filter}</var>
<arg>name=${partner_name}</arg>
<doc>Creates and returns a dictionary based on the given ``items``.</doc>
<msg timestamp="20221228 14:35:19.014" level="INFO">${filter} = {'name': 'Adega do alemão'}</msg>
<status status="PASS" starttime="20221228 14:35:19.013" endtime="20221228 14:35:19.014"/>
</kw>
<kw name="Delete One" library="RobotMongoDBLibrary.Delete">
<arg>${MONGO_URI}</arg>
<arg>${filter}</arg>
<status status="PASS" starttime="20221228 14:35:19.014" endtime="20221228 14:35:20.387"/>
</kw>
<status status="PASS" starttime="20221228 14:35:19.013" endtime="20221228 14:35:20.388"/>
</kw>
<kw name="POST Partner" library="services">
<arg>${partner}</arg>
<kw name="POST" library="RequestsLibrary">
<var>${response}</var>
<arg>${BASE_URL}</arg>
<arg>json=${payload}</arg>
<arg>headers=${HEADERS}</arg>
<arg>expected_status=any</arg>
<doc>Sends a POST request.</doc>
<msg timestamp="20221228 14:35:20.523" level="INFO">POST Request : url=http://localhost:3333/partners 
 path_url=/partners 
 headers={'User-Agent': 'python-requests/2.28.1', 'Accept-Encoding': 'gzip, deflate', 'Accept': '*/*', 'Connection': 'keep-alive', 'Content-Type': 'application/json', 'auth_user': 'qa', 'auth_password': 'ninja', 'Content-Length': '126'} 
 body=b'{"name": "Adega do alem\\u00e3o", "email": "contato@alemao.com.br", "whatsapp": "21999999999", "business": "Conveni\\u00eancia"}' 
 </msg>
<msg timestamp="20221228 14:35:20.523" level="INFO">POST Response : url=http://localhost:3333/partners 
 status=409, reason=Conflict 
 headers={'X-Powered-By': 'Express', 'Access-Control-Allow-Origin': '*', 'Access-Control-Expose-Headers': 'Authorization,auth_user,auth_password', 'Content-Type': 'application/json; charset=utf-8', 'Content-Length': '29', 'ETag': 'W/"1d-KaYMAApfZd+Hsi4sqiDWKxrzBQU"', 'Date': 'Wed, 28 Dec 2022 17:35:20 GMT', 'Connection': 'keep-alive', 'Keep-Alive': 'timeout=5'} 
 body={"message":"Duplicate email"} 
 </msg>
<msg timestamp="20221228 14:35:20.523" level="INFO">${response} = &lt;Response [409]&gt;</msg>
<status status="PASS" starttime="20221228 14:35:20.388" endtime="20221228 14:35:20.523"/>
</kw>
<status status="PASS" starttime="20221228 14:35:20.388" endtime="20221228 14:35:20.524"/>
</kw>
<kw name="POST Partner" library="services">
<var>${response}</var>
<arg>${partner}</arg>
<kw name="POST" library="RequestsLibrary">
<var>${response}</var>
<arg>${BASE_URL}</arg>
<arg>json=${payload}</arg>
<arg>headers=${HEADERS}</arg>
<arg>expected_status=any</arg>
<doc>Sends a POST request.</doc>
<msg timestamp="20221228 14:35:20.660" level="INFO">POST Request : url=http://localhost:3333/partners 
 path_url=/partners 
 headers={'User-Agent': 'python-requests/2.28.1', 'Accept-Encoding': 'gzip, deflate', 'Accept': '*/*', 'Connection': 'keep-alive', 'Content-Type': 'application/json', 'auth_user': 'qa', 'auth_password': 'ninja', 'Content-Length': '126'} 
 body=b'{"name": "Adega do alem\\u00e3o", "email": "contato@alemao.com.br", "whatsapp": "21999999999", "business": "Conveni\\u00eancia"}' 
 </msg>
<msg timestamp="20221228 14:35:20.660" level="INFO">POST Response : url=http://localhost:3333/partners 
 status=409, reason=Conflict 
 headers={'X-Powered-By': 'Express', 'Access-Control-Allow-Origin': '*', 'Access-Control-Expose-Headers': 'Authorization,auth_user,auth_password', 'Content-Type': 'application/json; charset=utf-8', 'Content-Length': '29', 'ETag': 'W/"1d-KaYMAApfZd+Hsi4sqiDWKxrzBQU"', 'Date': 'Wed, 28 Dec 2022 17:35:20 GMT', 'Connection': 'keep-alive', 'Keep-Alive': 'timeout=5'} 
 body={"message":"Duplicate email"} 
 </msg>
<msg timestamp="20221228 14:35:20.660" level="INFO">${response} = &lt;Response [409]&gt;</msg>
<status status="PASS" starttime="20221228 14:35:20.524" endtime="20221228 14:35:20.660"/>
</kw>
<msg timestamp="20221228 14:35:20.660" level="INFO">${response} = &lt;Response [409]&gt;</msg>
<status status="PASS" starttime="20221228 14:35:20.524" endtime="20221228 14:35:20.660"/>
</kw>
<kw name="Status Should Be" library="RequestsLibrary">
<arg>409</arg>
<doc>Fails if response status code is different than the expected.</doc>
<status status="PASS" starttime="20221228 14:35:20.661" endtime="20221228 14:35:20.661"/>
</kw>
<kw name="Should Be Equal" library="BuiltIn">
<arg>${response.json()}[message]</arg>
<arg>Duplicate email</arg>
<doc>Fails if the given objects are unequal.</doc>
<status status="PASS" starttime="20221228 14:35:20.661" endtime="20221228 14:35:20.662"/>
</kw>
<tag>bugs</tag>
<status status="PASS" starttime="20221228 14:35:19.011" endtime="20221228 14:35:20.663"/>
</test>
<doc>POST /partners</doc>
<status status="PASS" starttime="20221228 14:35:15.776" endtime="20221228 14:35:20.664"/>
</suite>
<suite id="s1-s3" name="Put" source="C:\qaninja\buger-eats-partner-api-tests\tests\put.robot">
<test id="s1-s3-t1" name="Should enable a partner" line="7">
<kw name="Factory Enable Partner" library="partner">
<var>${partner}</var>
<msg timestamp="20221228 14:35:20.673" level="INFO">${partner} = {'name': 'Doceria do Alemão', 'email': 'contato@doceriaalm.com.br', 'whatsapp': '11999999999', 'business': 'Conveniência'}</msg>
<status status="PASS" starttime="20221228 14:35:20.672" endtime="20221228 14:35:20.673"/>
</kw>
<kw name="Create a new partner" library="helpers">
<var>${partner_id}</var>
<arg>${partner}</arg>
<kw name="Remove Partner By Name" library="database">
<arg>${partner}[name]</arg>
<kw name="Create Dictionary" library="BuiltIn">
<var>${filter}</var>
<arg>name=${partner_name}</arg>
<doc>Creates and returns a dictionary based on the given ``items``.</doc>
<msg timestamp="20221228 14:35:20.674" level="INFO">${filter} = {'name': 'Doceria do Alemão'}</msg>
<status status="PASS" starttime="20221228 14:35:20.674" endtime="20221228 14:35:20.674"/>
</kw>
<kw name="Delete One" library="RobotMongoDBLibrary.Delete">
<arg>${MONGO_URI}</arg>
<arg>${filter}</arg>
<status status="PASS" starttime="20221228 14:35:20.674" endtime="20221228 14:35:22.046"/>
</kw>
<status status="PASS" starttime="20221228 14:35:20.674" endtime="20221228 14:35:22.048"/>
</kw>
<kw name="POST Partner" library="services">
<var>${response}</var>
<arg>${partner}</arg>
<kw name="POST" library="RequestsLibrary">
<var>${response}</var>
<arg>${BASE_URL}</arg>
<arg>json=${payload}</arg>
<arg>headers=${HEADERS}</arg>
<arg>expected_status=any</arg>
<doc>Sends a POST request.</doc>
<msg timestamp="20221228 14:35:22.195" level="INFO">POST Request : url=http://localhost:3333/partners 
 path_url=/partners 
 headers={'User-Agent': 'python-requests/2.28.1', 'Accept-Encoding': 'gzip, deflate', 'Accept': '*/*', 'Connection': 'keep-alive', 'Content-Type': 'application/json', 'auth_user': 'qa', 'auth_password': 'ninja', 'Content-Length': '132'} 
 body=b'{"name": "Doceria do Alem\\u00e3o", "email": "contato@doceriaalm.com.br", "whatsapp": "11999999999", "business": "Conveni\\u00eancia"}' 
 </msg>
<msg timestamp="20221228 14:35:22.196" level="INFO">POST Response : url=http://localhost:3333/partners 
 status=201, reason=Created 
 headers={'X-Powered-By': 'Express', 'Access-Control-Allow-Origin': '*', 'Access-Control-Expose-Headers': 'Authorization,auth_user,auth_password', 'Content-Type': 'application/json; charset=utf-8', 'Content-Length': '41', 'ETag': 'W/"29-Ty6BmGe4Al8WkoW6MBCvZuFeOr4"', 'Date': 'Wed, 28 Dec 2022 17:35:22 GMT', 'Connection': 'keep-alive', 'Keep-Alive': 'timeout=5'} 
 body={"partner_id":"63ac7e5a572003ffc2549ccb"} 
 </msg>
<msg timestamp="20221228 14:35:22.196" level="INFO">${response} = &lt;Response [201]&gt;</msg>
<status status="PASS" starttime="20221228 14:35:22.049" endtime="20221228 14:35:22.196"/>
</kw>
<msg timestamp="20221228 14:35:22.196" level="INFO">${response} = &lt;Response [201]&gt;</msg>
<status status="PASS" starttime="20221228 14:35:22.048" endtime="20221228 14:35:22.196"/>
</kw>
<kw name="Set Variable" library="BuiltIn">
<var>${partner_id}</var>
<arg>${response.json()}[partner_id]</arg>
<doc>Returns the given values which can then be assigned to a variables.</doc>
<msg timestamp="20221228 14:35:22.197" level="INFO">${partner_id} = 63ac7e5a572003ffc2549ccb</msg>
<status status="PASS" starttime="20221228 14:35:22.196" endtime="20221228 14:35:22.197"/>
</kw>
<msg timestamp="20221228 14:35:22.197" level="INFO">${partner_id} = 63ac7e5a572003ffc2549ccb</msg>
<status status="PASS" starttime="20221228 14:35:20.673" endtime="20221228 14:35:22.197"/>
</kw>
<kw name="Enable Partner" library="services">
<var>${response}</var>
<arg>${partner_id}</arg>
<kw name="PUT" library="RequestsLibrary">
<var>${response}</var>
<arg>${BASE_URL}/${partner_id}/enable</arg>
<arg>headers=${HEADERS}</arg>
<arg>expected_status=any</arg>
<doc>Sends a PUT request.</doc>
<msg timestamp="20221228 14:35:22.338" level="INFO">PUT Request : url=http://localhost:3333/partners/63ac7e5a572003ffc2549ccb/enable 
 path_url=/partners/63ac7e5a572003ffc2549ccb/enable 
 headers={'User-Agent': 'python-requests/2.28.1', 'Accept-Encoding': 'gzip, deflate', 'Accept': '*/*', 'Connection': 'keep-alive', 'Content-Type': 'application/json', 'auth_user': 'qa', 'auth_password': 'ninja', 'Content-Length': '0'} 
 body=None 
 </msg>
<msg timestamp="20221228 14:35:22.338" level="INFO">PUT Response : url=http://localhost:3333/partners/63ac7e5a572003ffc2549ccb/enable 
 status=200, reason=OK 
 headers={'X-Powered-By': 'Express', 'Access-Control-Allow-Origin': '*', 'Access-Control-Expose-Headers': 'Authorization,auth_user,auth_password', 'Date': 'Wed, 28 Dec 2022 17:35:22 GMT', 'Connection': 'keep-alive', 'Keep-Alive': 'timeout=5', 'Content-Length': '0'} 
 body=None 
 </msg>
<msg timestamp="20221228 14:35:22.339" level="INFO">${response} = &lt;Response [200]&gt;</msg>
<status status="PASS" starttime="20221228 14:35:22.198" endtime="20221228 14:35:22.339"/>
</kw>
<msg timestamp="20221228 14:35:22.340" level="INFO">${response} = &lt;Response [200]&gt;</msg>
<status status="PASS" starttime="20221228 14:35:22.198" endtime="20221228 14:35:22.340"/>
</kw>
<kw name="Status Should Be" library="RequestsLibrary">
<arg>200</arg>
<doc>Fails if response status code is different than the expected.</doc>
<status status="PASS" starttime="20221228 14:35:22.341" endtime="20221228 14:35:22.343"/>
</kw>
<status status="PASS" starttime="20221228 14:35:20.672" endtime="20221228 14:35:22.343"/>
</test>
<test id="s1-s3-t2" name="Should return 404 on enable a partner" line="16">
<kw name="Factory 404 Partner" library="partner">
<var>${partner}</var>
<msg timestamp="20221228 14:35:22.350" level="INFO">${partner} = {'name': 'Franqueto', 'email': 'contato@Franqueto.com.br', 'whatsapp': '11999999999', 'business': 'Restaurante'}</msg>
<status status="PASS" starttime="20221228 14:35:22.349" endtime="20221228 14:35:22.350"/>
</kw>
<kw name="Create a new partner" library="helpers">
<var>${partner_id}</var>
<arg>${partner}</arg>
<kw name="Remove Partner By Name" library="database">
<arg>${partner}[name]</arg>
<kw name="Create Dictionary" library="BuiltIn">
<var>${filter}</var>
<arg>name=${partner_name}</arg>
<doc>Creates and returns a dictionary based on the given ``items``.</doc>
<msg timestamp="20221228 14:35:22.354" level="INFO">${filter} = {'name': 'Franqueto'}</msg>
<status status="PASS" starttime="20221228 14:35:22.353" endtime="20221228 14:35:22.354"/>
</kw>
<kw name="Delete One" library="RobotMongoDBLibrary.Delete">
<arg>${MONGO_URI}</arg>
<arg>${filter}</arg>
<status status="PASS" starttime="20221228 14:35:22.354" endtime="20221228 14:35:23.739"/>
</kw>
<status status="PASS" starttime="20221228 14:35:22.352" endtime="20221228 14:35:23.739"/>
</kw>
<kw name="POST Partner" library="services">
<var>${response}</var>
<arg>${partner}</arg>
<kw name="POST" library="RequestsLibrary">
<var>${response}</var>
<arg>${BASE_URL}</arg>
<arg>json=${payload}</arg>
<arg>headers=${HEADERS}</arg>
<arg>expected_status=any</arg>
<doc>Sends a POST request.</doc>
<msg timestamp="20221228 14:35:23.895" level="INFO">POST Request : url=http://localhost:3333/partners 
 path_url=/partners 
 headers={'User-Agent': 'python-requests/2.28.1', 'Accept-Encoding': 'gzip, deflate', 'Accept': '*/*', 'Connection': 'keep-alive', 'Content-Type': 'application/json', 'auth_user': 'qa', 'auth_password': 'ninja', 'Content-Length': '112'} 
 body=b'{"name": "Franqueto", "email": "contato@Franqueto.com.br", "whatsapp": "11999999999", "business": "Restaurante"}' 
 </msg>
<msg timestamp="20221228 14:35:23.896" level="INFO">POST Response : url=http://localhost:3333/partners 
 status=201, reason=Created 
 headers={'X-Powered-By': 'Express', 'Access-Control-Allow-Origin': '*', 'Access-Control-Expose-Headers': 'Authorization,auth_user,auth_password', 'Content-Type': 'application/json; charset=utf-8', 'Content-Length': '41', 'ETag': 'W/"29-mokdRwqO+OD0P9E+teIxpUxNSW0"', 'Date': 'Wed, 28 Dec 2022 17:35:23 GMT', 'Connection': 'keep-alive', 'Keep-Alive': 'timeout=5'} 
 body={"partner_id":"63ac7e5b572003ffc2549cce"} 
 </msg>
<msg timestamp="20221228 14:35:23.896" level="INFO">${response} = &lt;Response [201]&gt;</msg>
<status status="PASS" starttime="20221228 14:35:23.741" endtime="20221228 14:35:23.897"/>
</kw>
<msg timestamp="20221228 14:35:23.898" level="INFO">${response} = &lt;Response [201]&gt;</msg>
<status status="PASS" starttime="20221228 14:35:23.740" endtime="20221228 14:35:23.898"/>
</kw>
<kw name="Set Variable" library="BuiltIn">
<var>${partner_id}</var>
<arg>${response.json()}[partner_id]</arg>
<doc>Returns the given values which can then be assigned to a variables.</doc>
<msg timestamp="20221228 14:35:23.901" level="INFO">${partner_id} = 63ac7e5b572003ffc2549cce</msg>
<status status="PASS" starttime="20221228 14:35:23.898" endtime="20221228 14:35:23.901"/>
</kw>
<msg timestamp="20221228 14:35:23.902" level="INFO">${partner_id} = 63ac7e5b572003ffc2549cce</msg>
<status status="PASS" starttime="20221228 14:35:22.351" endtime="20221228 14:35:23.902"/>
</kw>
<kw name="Remove Partner By Name" library="database">
<arg>${partner}[name]</arg>
<kw name="Create Dictionary" library="BuiltIn">
<var>${filter}</var>
<arg>name=${partner_name}</arg>
<doc>Creates and returns a dictionary based on the given ``items``.</doc>
<msg timestamp="20221228 14:35:23.905" level="INFO">${filter} = {'name': 'Franqueto'}</msg>
<status status="PASS" starttime="20221228 14:35:23.905" endtime="20221228 14:35:23.905"/>
</kw>
<kw name="Delete One" library="RobotMongoDBLibrary.Delete">
<arg>${MONGO_URI}</arg>
<arg>${filter}</arg>
<status status="PASS" starttime="20221228 14:35:23.906" endtime="20221228 14:35:25.375"/>
</kw>
<status status="PASS" starttime="20221228 14:35:23.904" endtime="20221228 14:35:25.376"/>
</kw>
<kw name="Enable Partner" library="services">
<var>${response}</var>
<arg>${partner_id}</arg>
<kw name="PUT" library="RequestsLibrary">
<var>${response}</var>
<arg>${BASE_URL}/${partner_id}/enable</arg>
<arg>headers=${HEADERS}</arg>
<arg>expected_status=any</arg>
<doc>Sends a PUT request.</doc>
<msg timestamp="20221228 14:35:25.520" level="INFO">PUT Request : url=http://localhost:3333/partners/63ac7e5b572003ffc2549cce/enable 
 path_url=/partners/63ac7e5b572003ffc2549cce/enable 
 headers={'User-Agent': 'python-requests/2.28.1', 'Accept-Encoding': 'gzip, deflate', 'Accept': '*/*', 'Connection': 'keep-alive', 'Content-Type': 'application/json', 'auth_user': 'qa', 'auth_password': 'ninja', 'Content-Length': '0'} 
 body=None 
 </msg>
<msg timestamp="20221228 14:35:25.521" level="INFO">PUT Response : url=http://localhost:3333/partners/63ac7e5b572003ffc2549cce/enable 
 status=404, reason=Not Found 
 headers={'X-Powered-By': 'Express', 'Access-Control-Allow-Origin': '*', 'Access-Control-Expose-Headers': 'Authorization,auth_user,auth_password', 'Date': 'Wed, 28 Dec 2022 17:35:25 GMT', 'Connection': 'keep-alive', 'Keep-Alive': 'timeout=5', 'Content-Length': '0'} 
 body=None 
 </msg>
<msg timestamp="20221228 14:35:25.521" level="INFO">${response} = &lt;Response [404]&gt;</msg>
<status status="PASS" starttime="20221228 14:35:25.377" endtime="20221228 14:35:25.521"/>
</kw>
<msg timestamp="20221228 14:35:25.522" level="INFO">${response} = &lt;Response [404]&gt;</msg>
<status status="PASS" starttime="20221228 14:35:25.376" endtime="20221228 14:35:25.522"/>
</kw>
<kw name="Status Should Be" library="RequestsLibrary">
<arg>404</arg>
<doc>Fails if response status code is different than the expected.</doc>
<status status="PASS" starttime="20221228 14:35:25.524" endtime="20221228 14:35:25.525"/>
</kw>
<status status="PASS" starttime="20221228 14:35:22.348" endtime="20221228 14:35:25.527"/>
</test>
<doc>PUT /partners</doc>
<status status="PASS" starttime="20221228 14:35:20.666" endtime="20221228 14:35:25.533"/>
</suite>
<status status="PASS" starttime="20221228 14:35:14.761" endtime="20221228 14:35:25.540"/>
</suite>
<statistics>
<total>
<stat pass="6" fail="0" skip="0">All Tests</stat>
</total>
<tag>
<stat pass="1" fail="0" skip="0">bugs</stat>
</tag>
<suite>
<stat pass="6" fail="0" skip="0" id="s1" name="Tests">Tests</stat>
<stat pass="2" fail="0" skip="0" id="s1-s1" name="Get">Tests.Get</stat>
<stat pass="2" fail="0" skip="0" id="s1-s2" name="Post">Tests.Post</stat>
<stat pass="2" fail="0" skip="0" id="s1-s3" name="Put">Tests.Put</stat>
</suite>
</statistics>
<errors>
</errors>
</robot>
