<?xml version="1.0" encoding="UTF-8"?>
<robot generator="Robot 6.0.1 (Python 3.9.9 on win32)" generated="20221228 17:38:28.026" rpa="false" schemaversion="3">
<suite id="s1" name="Tests" source="C:\qaninja\buger-eats-partner-api-tests\tests">
<suite id="s1-s1" name="Delete" source="C:\qaninja\buger-eats-partner-api-tests\tests\delete.robot">
<test id="s1-s1-t1" name="Should remove a partner" line="7">
<kw name="Factory Remove Partner" library="partner">
<var>${partner}</var>
<msg timestamp="20221228 17:38:28.330" level="INFO">${partner} = {'name': 'Adega do Pipizinho', 'email': 'contato@pipizinho.com.br', 'whatsapp': '11999999999', 'business': 'Conveniência'}</msg>
<status status="PASS" starttime="20221228 17:38:28.329" endtime="20221228 17:38:28.330"/>
</kw>
<kw name="Create a new partner" library="helpers">
<var>${partner_id}</var>
<arg>${partner}</arg>
<kw name="Remove Partner By Name" library="database">
<arg>${partner}[name]</arg>
<kw name="Create Dictionary" library="BuiltIn">
<var>${filter}</var>
<arg>name=${partner_name}</arg>
<doc>Creates and returns a dictionary based on the given ``items``.</doc>
<msg timestamp="20221228 17:38:28.331" level="INFO">${filter} = {'name': 'Adega do Pipizinho'}</msg>
<status status="PASS" starttime="20221228 17:38:28.330" endtime="20221228 17:38:28.331"/>
</kw>
<kw name="Delete One" library="RobotMongoDBLibrary.Delete">
<arg>${MONGO_URI}</arg>
<arg>${filter}</arg>
<status status="PASS" starttime="20221228 17:38:28.331" endtime="20221228 17:38:29.815"/>
</kw>
<status status="PASS" starttime="20221228 17:38:28.330" endtime="20221228 17:38:29.816"/>
</kw>
<kw name="POST Partner" library="services">
<var>${response}</var>
<arg>${partner}</arg>
<kw name="POST" library="RequestsLibrary">
<var>${response}</var>
<arg>${BASE_URL}</arg>
<arg>json=${payload}</arg>
<arg>headers=${HEADERS}</arg>
<arg>expected_status=any</arg>
<doc>Sends a POST request.</doc>
<msg timestamp="20221228 17:38:29.993" level="INFO">POST Request : url=http://localhost:3333/partners 
 path_url=/partners 
 headers={'User-Agent': 'python-requests/2.28.1', 'Accept-Encoding': 'gzip, deflate', 'Accept': '*/*', 'Connection': 'keep-alive', 'Content-Type': 'application/json', 'auth_user': 'qa', 'auth_password': 'ninja', 'Content-Length': '127'} 
 body=b'{"name": "Adega do Pipizinho", "email": "contato@pipizinho.com.br", "whatsapp": "11999999999", "business": "Conveni\\u00eancia"}' 
 </msg>
<msg timestamp="20221228 17:38:29.994" level="INFO">POST Response : url=http://localhost:3333/partners 
 status=201, reason=Created 
 headers={'X-Powered-By': 'Express', 'Access-Control-Allow-Origin': '*', 'Access-Control-Expose-Headers': 'Authorization,auth_user,auth_password', 'Content-Type': 'application/json; charset=utf-8', 'Content-Length': '41', 'ETag': 'W/"29-B0sBflsvJHo0vSyP813cFzNVfEk"', 'Date': 'Wed, 28 Dec 2022 20:38:29 GMT', 'Connection': 'keep-alive', 'Keep-Alive': 'timeout=5'} 
 body={"partner_id":"63aca945572003ffc2549dcc"} 
 </msg>
<msg timestamp="20221228 17:38:29.994" level="INFO">${response} = &lt;Response [201]&gt;</msg>
<status status="PASS" starttime="20221228 17:38:29.818" endtime="20221228 17:38:29.994"/>
</kw>
<msg timestamp="20221228 17:38:29.995" level="INFO">${response} = &lt;Response [201]&gt;</msg>
<status status="PASS" starttime="20221228 17:38:29.816" endtime="20221228 17:38:29.995"/>
</kw>
<kw name="Set Variable" library="BuiltIn">
<var>${partner_id}</var>
<arg>${response.json()}[partner_id]</arg>
<doc>Returns the given values which can then be assigned to a variables.</doc>
<msg timestamp="20221228 17:38:29.998" level="INFO">${partner_id} = 63aca945572003ffc2549dcc</msg>
<status status="PASS" starttime="20221228 17:38:29.996" endtime="20221228 17:38:29.998"/>
</kw>
<msg timestamp="20221228 17:38:29.999" level="INFO">${partner_id} = 63aca945572003ffc2549dcc</msg>
<status status="PASS" starttime="20221228 17:38:28.330" endtime="20221228 17:38:29.999"/>
</kw>
<kw name="DELETE Partner" library="services">
<arg>${Partner_id}</arg>
<kw name="DELETE" library="RequestsLibrary">
<var>${response}</var>
<arg>${BASE_URL}/${partner_id}</arg>
<arg>headers=${HEADERS}</arg>
<arg>expected_status=any</arg>
<doc>Sends a DELETE request.</doc>
<msg timestamp="20221228 17:38:30.146" level="INFO">DELETE Request : url=http://localhost:3333/partners/63aca945572003ffc2549dcc 
 path_url=/partners/63aca945572003ffc2549dcc 
 headers={'User-Agent': 'python-requests/2.28.1', 'Accept-Encoding': 'gzip, deflate', 'Accept': '*/*', 'Connection': 'keep-alive', 'Content-Type': 'application/json', 'auth_user': 'qa', 'auth_password': 'ninja', 'Content-Length': '0'} 
 body=None 
 </msg>
<msg timestamp="20221228 17:38:30.146" level="INFO">DELETE Response : url=http://localhost:3333/partners/63aca945572003ffc2549dcc 
 status=204, reason=No Content 
 headers={'X-Powered-By': 'Express', 'Access-Control-Allow-Origin': '*', 'Access-Control-Expose-Headers': 'Authorization,auth_user,auth_password', 'Date': 'Wed, 28 Dec 2022 20:38:30 GMT', 'Connection': 'keep-alive', 'Keep-Alive': 'timeout=5'} 
 body=None 
 </msg>
<msg timestamp="20221228 17:38:30.146" level="INFO">${response} = &lt;Response [204]&gt;</msg>
<status status="PASS" starttime="20221228 17:38:30.001" endtime="20221228 17:38:30.146"/>
</kw>
<status status="PASS" starttime="20221228 17:38:30.000" endtime="20221228 17:38:30.147"/>
</kw>
<kw name="Status Should Be" library="RequestsLibrary">
<arg>204</arg>
<doc>Fails if response status code is different than the expected.</doc>
<status status="PASS" starttime="20221228 17:38:30.147" endtime="20221228 17:38:30.148"/>
</kw>
<status status="PASS" starttime="20221228 17:38:28.328" endtime="20221228 17:38:30.148"/>
</test>
<test id="s1-s1-t2" name="Should return 404 on remove partner" line="15">
<kw name="Factory 404 Partner" library="partner">
<var>${partner}</var>
<msg timestamp="20221228 17:38:30.153" level="INFO">${partner} = {'name': 'Franqueto', 'email': 'contato@Franqueto.com.br', 'whatsapp': '11999999999', 'business': 'Restaurante'}</msg>
<status status="PASS" starttime="20221228 17:38:30.153" endtime="20221228 17:38:30.153"/>
</kw>
<kw name="Create a new partner" library="helpers">
<var>${partner_id}</var>
<arg>${partner}</arg>
<kw name="Remove Partner By Name" library="database">
<arg>${partner}[name]</arg>
<kw name="Create Dictionary" library="BuiltIn">
<var>${filter}</var>
<arg>name=${partner_name}</arg>
<doc>Creates and returns a dictionary based on the given ``items``.</doc>
<msg timestamp="20221228 17:38:30.156" level="INFO">${filter} = {'name': 'Franqueto'}</msg>
<status status="PASS" starttime="20221228 17:38:30.155" endtime="20221228 17:38:30.156"/>
</kw>
<kw name="Delete One" library="RobotMongoDBLibrary.Delete">
<arg>${MONGO_URI}</arg>
<arg>${filter}</arg>
<status status="PASS" starttime="20221228 17:38:30.156" endtime="20221228 17:38:31.563"/>
</kw>
<status status="PASS" starttime="20221228 17:38:30.155" endtime="20221228 17:38:31.564"/>
</kw>
<kw name="POST Partner" library="services">
<var>${response}</var>
<arg>${partner}</arg>
<kw name="POST" library="RequestsLibrary">
<var>${response}</var>
<arg>${BASE_URL}</arg>
<arg>json=${payload}</arg>
<arg>headers=${HEADERS}</arg>
<arg>expected_status=any</arg>
<doc>Sends a POST request.</doc>
<msg timestamp="20221228 17:38:31.713" level="INFO">POST Request : url=http://localhost:3333/partners 
 path_url=/partners 
 headers={'User-Agent': 'python-requests/2.28.1', 'Accept-Encoding': 'gzip, deflate', 'Accept': '*/*', 'Connection': 'keep-alive', 'Content-Type': 'application/json', 'auth_user': 'qa', 'auth_password': 'ninja', 'Content-Length': '112'} 
 body=b'{"name": "Franqueto", "email": "contato@Franqueto.com.br", "whatsapp": "11999999999", "business": "Restaurante"}' 
 </msg>
<msg timestamp="20221228 17:38:31.714" level="INFO">POST Response : url=http://localhost:3333/partners 
 status=201, reason=Created 
 headers={'X-Powered-By': 'Express', 'Access-Control-Allow-Origin': '*', 'Access-Control-Expose-Headers': 'Authorization,auth_user,auth_password', 'Content-Type': 'application/json; charset=utf-8', 'Content-Length': '41', 'ETag': 'W/"29-/NsPpE9xhmrXSeRQZC+YOF78Yh4"', 'Date': 'Wed, 28 Dec 2022 20:38:31 GMT', 'Connection': 'keep-alive', 'Keep-Alive': 'timeout=5'} 
 body={"partner_id":"63aca947572003ffc2549dcf"} 
 </msg>
<msg timestamp="20221228 17:38:31.714" level="INFO">${response} = &lt;Response [201]&gt;</msg>
<status status="PASS" starttime="20221228 17:38:31.565" endtime="20221228 17:38:31.715"/>
</kw>
<msg timestamp="20221228 17:38:31.715" level="INFO">${response} = &lt;Response [201]&gt;</msg>
<status status="PASS" starttime="20221228 17:38:31.565" endtime="20221228 17:38:31.715"/>
</kw>
<kw name="Set Variable" library="BuiltIn">
<var>${partner_id}</var>
<arg>${response.json()}[partner_id]</arg>
<doc>Returns the given values which can then be assigned to a variables.</doc>
<msg timestamp="20221228 17:38:31.717" level="INFO">${partner_id} = 63aca947572003ffc2549dcf</msg>
<status status="PASS" starttime="20221228 17:38:31.716" endtime="20221228 17:38:31.717"/>
</kw>
<msg timestamp="20221228 17:38:31.717" level="INFO">${partner_id} = 63aca947572003ffc2549dcf</msg>
<status status="PASS" starttime="20221228 17:38:30.154" endtime="20221228 17:38:31.718"/>
</kw>
<kw name="Remove Partner By Name" library="database">
<arg>${partner}[name]</arg>
<kw name="Create Dictionary" library="BuiltIn">
<var>${filter}</var>
<arg>name=${partner_name}</arg>
<doc>Creates and returns a dictionary based on the given ``items``.</doc>
<msg timestamp="20221228 17:38:31.721" level="INFO">${filter} = {'name': 'Franqueto'}</msg>
<status status="PASS" starttime="20221228 17:38:31.720" endtime="20221228 17:38:31.721"/>
</kw>
<kw name="Delete One" library="RobotMongoDBLibrary.Delete">
<arg>${MONGO_URI}</arg>
<arg>${filter}</arg>
<status status="PASS" starttime="20221228 17:38:31.721" endtime="20221228 17:38:33.098"/>
</kw>
<status status="PASS" starttime="20221228 17:38:31.718" endtime="20221228 17:38:33.099"/>
</kw>
<kw name="DELETE Partner" library="services">
<arg>${Partner_id}</arg>
<kw name="DELETE" library="RequestsLibrary">
<var>${response}</var>
<arg>${BASE_URL}/${partner_id}</arg>
<arg>headers=${HEADERS}</arg>
<arg>expected_status=any</arg>
<doc>Sends a DELETE request.</doc>
<msg timestamp="20221228 17:38:33.249" level="INFO">DELETE Request : url=http://localhost:3333/partners/63aca947572003ffc2549dcf 
 path_url=/partners/63aca947572003ffc2549dcf 
 headers={'User-Agent': 'python-requests/2.28.1', 'Accept-Encoding': 'gzip, deflate', 'Accept': '*/*', 'Connection': 'keep-alive', 'Content-Type': 'application/json', 'auth_user': 'qa', 'auth_password': 'ninja', 'Content-Length': '0'} 
 body=None 
 </msg>
<msg timestamp="20221228 17:38:33.249" level="INFO">DELETE Response : url=http://localhost:3333/partners/63aca947572003ffc2549dcf 
 status=404, reason=Not Found 
 headers={'X-Powered-By': 'Express', 'Access-Control-Allow-Origin': '*', 'Access-Control-Expose-Headers': 'Authorization,auth_user,auth_password', 'Date': 'Wed, 28 Dec 2022 20:38:33 GMT', 'Connection': 'keep-alive', 'Keep-Alive': 'timeout=5', 'Content-Length': '0'} 
 body=None 
 </msg>
<msg timestamp="20221228 17:38:33.249" level="INFO">${response} = &lt;Response [404]&gt;</msg>
<status status="PASS" starttime="20221228 17:38:33.102" endtime="20221228 17:38:33.249"/>
</kw>
<status status="PASS" starttime="20221228 17:38:33.101" endtime="20221228 17:38:33.250"/>
</kw>
<kw name="Status Should Be" library="RequestsLibrary">
<arg>404</arg>
<doc>Fails if response status code is different than the expected.</doc>
<status status="PASS" starttime="20221228 17:38:33.251" endtime="20221228 17:38:33.251"/>
</kw>
<status status="PASS" starttime="20221228 17:38:30.151" endtime="20221228 17:38:33.252"/>
</test>
<doc>DELETE /partners</doc>
<status status="PASS" starttime="20221228 17:38:28.054" endtime="20221228 17:38:33.256"/>
</suite>
<suite id="s1-s2" name="Get" source="C:\qaninja\buger-eats-partner-api-tests\tests\get.robot">
<kw name="Create Partner List" type="SETUP">
<kw name="Factory Partner List" library="partner">
<var>${partners}</var>
<msg timestamp="20221228 17:38:33.275" level="INFO">${partners} = [{'name': 'Adega do Alemão', 'email': 'contato@alemao.com.br', 'whatsapp': '21999999999', 'business': 'Conveniência'}, {'name': 'mercearia do João', 'email': 'contato@joao.com.br', 'whatsapp': '319999...</msg>
<status status="PASS" starttime="20221228 17:38:33.275" endtime="20221228 17:38:33.275"/>
</kw>
<for flavor="IN">
<var>${p}</var>
<value>@{partners}</value>
<iter>
<var name="${p}">{'name': 'Adega do Alemão', 'email': 'contato@alemao.com.br', 'whatsapp': '21999999999', 'business': 'Conveniência'}</var>
<kw name="POST Partner" library="services">
<arg>${p}</arg>
<kw name="POST" library="RequestsLibrary">
<var>${response}</var>
<arg>${BASE_URL}</arg>
<arg>json=${payload}</arg>
<arg>headers=${HEADERS}</arg>
<arg>expected_status=any</arg>
<doc>Sends a POST request.</doc>
<msg timestamp="20221228 17:38:33.414" level="INFO">POST Request : url=http://localhost:3333/partners 
 path_url=/partners 
 headers={'User-Agent': 'python-requests/2.28.1', 'Accept-Encoding': 'gzip, deflate', 'Accept': '*/*', 'Connection': 'keep-alive', 'Content-Type': 'application/json', 'auth_user': 'qa', 'auth_password': 'ninja', 'Content-Length': '126'} 
 body=b'{"name": "Adega do Alem\\u00e3o", "email": "contato@alemao.com.br", "whatsapp": "21999999999", "business": "Conveni\\u00eancia"}' 
 </msg>
<msg timestamp="20221228 17:38:33.415" level="INFO">POST Response : url=http://localhost:3333/partners 
 status=409, reason=Conflict 
 headers={'X-Powered-By': 'Express', 'Access-Control-Allow-Origin': '*', 'Access-Control-Expose-Headers': 'Authorization,auth_user,auth_password', 'Content-Type': 'application/json; charset=utf-8', 'Content-Length': '36', 'ETag': 'W/"24-npRjBxR/ioA1Ds6xvIHfcGoYoY4"', 'Date': 'Wed, 28 Dec 2022 20:38:33 GMT', 'Connection': 'keep-alive', 'Keep-Alive': 'timeout=5'} 
 body={"message":"Duplicate company name"} 
 </msg>
<msg timestamp="20221228 17:38:33.415" level="INFO">${response} = &lt;Response [409]&gt;</msg>
<status status="PASS" starttime="20221228 17:38:33.276" endtime="20221228 17:38:33.415"/>
</kw>
<status status="PASS" starttime="20221228 17:38:33.276" endtime="20221228 17:38:33.416"/>
</kw>
<status status="PASS" starttime="20221228 17:38:33.276" endtime="20221228 17:38:33.416"/>
</iter>
<iter>
<var name="${p}">{'name': 'mercearia do João', 'email': 'contato@joao.com.br', 'whatsapp': '31999999999', 'business': 'Supermercado'}</var>
<kw name="POST Partner" library="services">
<arg>${p}</arg>
<kw name="POST" library="RequestsLibrary">
<var>${response}</var>
<arg>${BASE_URL}</arg>
<arg>json=${payload}</arg>
<arg>headers=${HEADERS}</arg>
<arg>expected_status=any</arg>
<doc>Sends a POST request.</doc>
<msg timestamp="20221228 17:38:33.569" level="INFO">POST Request : url=http://localhost:3333/partners 
 path_url=/partners 
 headers={'User-Agent': 'python-requests/2.28.1', 'Accept-Encoding': 'gzip, deflate', 'Accept': '*/*', 'Connection': 'keep-alive', 'Content-Type': 'application/json', 'auth_user': 'qa', 'auth_password': 'ninja', 'Content-Length': '121'} 
 body=b'{"name": "mercearia do Jo\\u00e3o", "email": "contato@joao.com.br", "whatsapp": "31999999999", "business": "Supermercado"}' 
 </msg>
<msg timestamp="20221228 17:38:33.569" level="INFO">POST Response : url=http://localhost:3333/partners 
 status=409, reason=Conflict 
 headers={'X-Powered-By': 'Express', 'Access-Control-Allow-Origin': '*', 'Access-Control-Expose-Headers': 'Authorization,auth_user,auth_password', 'Content-Type': 'application/json; charset=utf-8', 'Content-Length': '36', 'ETag': 'W/"24-npRjBxR/ioA1Ds6xvIHfcGoYoY4"', 'Date': 'Wed, 28 Dec 2022 20:38:33 GMT', 'Connection': 'keep-alive', 'Keep-Alive': 'timeout=5'} 
 body={"message":"Duplicate company name"} 
 </msg>
<msg timestamp="20221228 17:38:33.570" level="INFO">${response} = &lt;Response [409]&gt;</msg>
<status status="PASS" starttime="20221228 17:38:33.417" endtime="20221228 17:38:33.570"/>
</kw>
<status status="PASS" starttime="20221228 17:38:33.416" endtime="20221228 17:38:33.570"/>
</kw>
<status status="PASS" starttime="20221228 17:38:33.416" endtime="20221228 17:38:33.570"/>
</iter>
<iter>
<var name="${p}">{'name': 'Restaurante do Gordão', 'email': 'contato@gordao.com.br', 'whatsapp': '81999999999', 'business': 'Restaurante'}</var>
<kw name="POST Partner" library="services">
<arg>${p}</arg>
<kw name="POST" library="RequestsLibrary">
<var>${response}</var>
<arg>${BASE_URL}</arg>
<arg>json=${payload}</arg>
<arg>headers=${HEADERS}</arg>
<arg>expected_status=any</arg>
<doc>Sends a POST request.</doc>
<msg timestamp="20221228 17:38:33.711" level="INFO">POST Request : url=http://localhost:3333/partners 
 path_url=/partners 
 headers={'User-Agent': 'python-requests/2.28.1', 'Accept-Encoding': 'gzip, deflate', 'Accept': '*/*', 'Connection': 'keep-alive', 'Content-Type': 'application/json', 'auth_user': 'qa', 'auth_password': 'ninja', 'Content-Length': '126'} 
 body=b'{"name": "Restaurante do Gord\\u00e3o", "email": "contato@gordao.com.br", "whatsapp": "81999999999", "business": "Restaurante"}' 
 </msg>
<msg timestamp="20221228 17:38:33.711" level="INFO">POST Response : url=http://localhost:3333/partners 
 status=409, reason=Conflict 
 headers={'X-Powered-By': 'Express', 'Access-Control-Allow-Origin': '*', 'Access-Control-Expose-Headers': 'Authorization,auth_user,auth_password', 'Content-Type': 'application/json; charset=utf-8', 'Content-Length': '36', 'ETag': 'W/"24-npRjBxR/ioA1Ds6xvIHfcGoYoY4"', 'Date': 'Wed, 28 Dec 2022 20:38:33 GMT', 'Connection': 'keep-alive', 'Keep-Alive': 'timeout=5'} 
 body={"message":"Duplicate company name"} 
 </msg>
<msg timestamp="20221228 17:38:33.712" level="INFO">${response} = &lt;Response [409]&gt;</msg>
<status status="PASS" starttime="20221228 17:38:33.571" endtime="20221228 17:38:33.712"/>
</kw>
<status status="PASS" starttime="20221228 17:38:33.571" endtime="20221228 17:38:33.712"/>
</kw>
<status status="PASS" starttime="20221228 17:38:33.571" endtime="20221228 17:38:33.712"/>
</iter>
<status status="PASS" starttime="20221228 17:38:33.275" endtime="20221228 17:38:33.712"/>
</for>
<status status="PASS" starttime="20221228 17:38:33.275" endtime="20221228 17:38:33.712"/>
</kw>
<test id="s1-s2-t1" name="Should return a partner list" line="9">
<kw name="GET Partners" library="services">
<var>${response}</var>
<kw name="GET" library="RequestsLibrary">
<var>${response}</var>
<arg>${BASE_URL}</arg>
<arg>headers=${HEADERS}</arg>
<arg>expected_status=any</arg>
<doc>Sends a GET request.</doc>
<msg timestamp="20221228 17:38:33.856" level="INFO">GET Request : url=http://localhost:3333/partners 
 path_url=/partners 
 headers={'User-Agent': 'python-requests/2.28.1', 'Accept-Encoding': 'gzip, deflate', 'Accept': '*/*', 'Connection': 'keep-alive', 'Content-Type': 'application/json', 'auth_user': 'qa', 'auth_password': 'ninja'} 
 body=None 
 </msg>
<msg timestamp="20221228 17:38:33.856" level="INFO">GET Response : url=http://localhost:3333/partners 
 status=200, reason=OK 
 headers={'X-Powered-By': 'Express', 'Access-Control-Allow-Origin': '*', 'Access-Control-Expose-Headers': 'Authorization,auth_user,auth_password', 'Content-Type': 'application/json; charset=utf-8', 'Content-Length': '1204', 'ETag': 'W/"4b4-G9xLKDNLSdLPxMjjJO67VwGwcMQ"', 'Date': 'Wed, 28 Dec 2022 20:38:33 GMT', 'Connection': 'keep-alive', 'Keep-Alive': 'timeout=5'} 
 body=[{"_id":"63aca387572003ffc2549dc2","name":"Mercado Noite","email":"contato@noite.com.br","whatsapp":"11999999999","business":"Supermercado","active":false,"created_at":"2022-12-28T20:13:59.976Z","updated_at":"2022-12-28T20:14:00.258Z"},{"_id":"63aca386572003ffc2549dbf","name":"Doceria do Alemão","email":"contato@doceriaalm.com.br","whatsapp":"11999999999","business":"Conveniência","active":true,"created_at":"2022-12-28T20:13:58.208Z","updated_at":"2022-12-28T20:13:58.353Z"},{"_id":"63aca382572003ffc2549db7","name":"Restaurante do Gordão","email":"contato@gordao.com.br","whatsapp":"81999999999","business":"Restaurante","active":false,"created_at":"2022-12-28T20:13:54.474Z","updated_at":"2022-12-28T20:13:54.474Z"},{"_id":"63aca382572003ffc2549db5","name":"mercearia do João","email":"contato@joao.com.br","whatsapp":"31999999999","business":"Supermercado","active":false,"created_at":"2022-12-28T20:13:54.288Z","updated_at":"2022-12-28T20:13:54.288Z"},{"_id":"63aca382572003ffc2549db3","name":"Adega do Alemão","email":"contato@alemao.com.br","whatsapp":"21999999999","business":"Conveniência","active":false,"created_at":"2022-12-28T20:13:54.089Z","updated_at":"2022-12-28T20:13:54.089Z"}] 
 </msg>
<msg timestamp="20221228 17:38:33.857" level="INFO">${response} = &lt;Response [200]&gt;</msg>
<status status="PASS" starttime="20221228 17:38:33.714" endtime="20221228 17:38:33.857"/>
</kw>
<msg timestamp="20221228 17:38:33.858" level="INFO">${response} = &lt;Response [200]&gt;</msg>
<status status="PASS" starttime="20221228 17:38:33.713" endtime="20221228 17:38:33.858"/>
</kw>
<kw name="Status Should Be" library="RequestsLibrary">
<arg>200</arg>
<doc>Fails if response status code is different than the expected.</doc>
<status status="PASS" starttime="20221228 17:38:33.858" endtime="20221228 17:38:33.860"/>
</kw>
<kw name="Get Length" library="BuiltIn">
<var>${size}</var>
<arg>${response.json()}</arg>
<doc>Returns and logs the length of the given item as an integer.</doc>
<msg timestamp="20221228 17:38:33.861" level="INFO">Length is 5</msg>
<msg timestamp="20221228 17:38:33.862" level="INFO">${size} = 5</msg>
<status status="PASS" starttime="20221228 17:38:33.860" endtime="20221228 17:38:33.862"/>
</kw>
<kw name="Should Be True" library="BuiltIn">
<arg>${size} &gt; 0</arg>
<doc>Fails if the given condition is not true.</doc>
<status status="PASS" starttime="20221228 17:38:33.863" endtime="20221228 17:38:33.863"/>
</kw>
<status status="PASS" starttime="20221228 17:38:33.712" endtime="20221228 17:38:33.864"/>
</test>
<test id="s1-s2-t2" name="Should search partner by name" line="18">
<kw name="Search Partner" library="services">
<var>${response}</var>
<arg>Gordão</arg>
<kw name="Create Dictionary" library="BuiltIn">
<var>${query}</var>
<arg>name=${name}</arg>
<doc>Creates and returns a dictionary based on the given ``items``.</doc>
<msg timestamp="20221228 17:38:33.869" level="INFO">${query} = {'name': 'Gordão'}</msg>
<status status="PASS" starttime="20221228 17:38:33.868" endtime="20221228 17:38:33.869"/>
</kw>
<kw name="GET" library="RequestsLibrary">
<var>${response}</var>
<arg>${BASE_URL}</arg>
<arg>params=${query}</arg>
<arg>headers=${HEADERS}</arg>
<arg>expected_status=any</arg>
<doc>Sends a GET request.</doc>
<msg timestamp="20221228 17:38:34.007" level="INFO">GET Request : url=http://localhost:3333/partners?name=Gord%C3%A3o 
 path_url=/partners?name=Gord%C3%A3o 
 headers={'User-Agent': 'python-requests/2.28.1', 'Accept-Encoding': 'gzip, deflate', 'Accept': '*/*', 'Connection': 'keep-alive', 'Content-Type': 'application/json', 'auth_user': 'qa', 'auth_password': 'ninja'} 
 body=None 
 </msg>
<msg timestamp="20221228 17:38:34.007" level="INFO">GET Response : url=http://localhost:3333/partners?name=Gord%C3%A3o 
 status=200, reason=OK 
 headers={'X-Powered-By': 'Express', 'Access-Control-Allow-Origin': '*', 'Access-Control-Expose-Headers': 'Authorization,auth_user,auth_password', 'Content-Type': 'application/json; charset=utf-8', 'Content-Length': '245', 'ETag': 'W/"f5-FOKWL5J4xzuGq3WAFuk1YpowilY"', 'Date': 'Wed, 28 Dec 2022 20:38:34 GMT', 'Connection': 'keep-alive', 'Keep-Alive': 'timeout=5'} 
 body=[{"_id":"63aca382572003ffc2549db7","name":"Restaurante do Gordão","email":"contato@gordao.com.br","whatsapp":"81999999999","business":"Restaurante","active":false,"created_at":"2022-12-28T20:13:54.474Z","updated_at":"2022-12-28T20:13:54.474Z"}] 
 </msg>
<msg timestamp="20221228 17:38:34.007" level="INFO">${response} = &lt;Response [200]&gt;</msg>
<status status="PASS" starttime="20221228 17:38:33.869" endtime="20221228 17:38:34.007"/>
</kw>
<msg timestamp="20221228 17:38:34.008" level="INFO">${response} = &lt;Response [200]&gt;</msg>
<status status="PASS" starttime="20221228 17:38:33.868" endtime="20221228 17:38:34.008"/>
</kw>
<kw name="Status Should Be" library="RequestsLibrary">
<arg>200</arg>
<doc>Fails if response status code is different than the expected.</doc>
<status status="PASS" starttime="20221228 17:38:34.009" endtime="20221228 17:38:34.009"/>
</kw>
<kw name="Get Length" library="BuiltIn">
<var>${size}</var>
<arg>${response.json()}</arg>
<doc>Returns and logs the length of the given item as an integer.</doc>
<msg timestamp="20221228 17:38:34.011" level="INFO">Length is 1</msg>
<msg timestamp="20221228 17:38:34.011" level="INFO">${size} = 1</msg>
<status status="PASS" starttime="20221228 17:38:34.010" endtime="20221228 17:38:34.011"/>
</kw>
<kw name="Should Be True" library="BuiltIn">
<arg>${size} == 1</arg>
<doc>Fails if the given condition is not true.</doc>
<status status="PASS" starttime="20221228 17:38:34.012" endtime="20221228 17:38:34.012"/>
</kw>
<kw name="Should Be Equal" library="BuiltIn">
<arg>${response.json()}[0][name]</arg>
<arg>Restaurante do Gordão</arg>
<doc>Fails if the given objects are unequal.</doc>
<status status="PASS" starttime="20221228 17:38:34.013" endtime="20221228 17:38:34.015"/>
</kw>
<status status="PASS" starttime="20221228 17:38:33.867" endtime="20221228 17:38:34.016"/>
</test>
<doc>GET /partners</doc>
<status status="PASS" starttime="20221228 17:38:33.261" endtime="20221228 17:38:34.019"/>
</suite>
<suite id="s1-s3" name="Post" source="C:\qaninja\buger-eats-partner-api-tests\tests\post.robot">
<test id="s1-s3-t1" name="Should create a new partner" line="7">
<kw name="Factory New Partner" library="partner">
<var>${partner}</var>
<msg timestamp="20221228 17:38:34.035" level="INFO">${partner} = {'name': 'Pizzas Papito', 'email': 'contato@papito.com.br', 'whatsapp': '11999999999', 'business': 'Restaurante'}</msg>
<status status="PASS" starttime="20221228 17:38:34.035" endtime="20221228 17:38:34.036"/>
</kw>
<kw name="Remove Partner By Name" library="database">
<arg>${partner}[name]</arg>
<kw name="Create Dictionary" library="BuiltIn">
<var>${filter}</var>
<arg>name=${partner_name}</arg>
<doc>Creates and returns a dictionary based on the given ``items``.</doc>
<msg timestamp="20221228 17:38:34.037" level="INFO">${filter} = {'name': 'Pizzas Papito'}</msg>
<status status="PASS" starttime="20221228 17:38:34.037" endtime="20221228 17:38:34.037"/>
</kw>
<kw name="Delete One" library="RobotMongoDBLibrary.Delete">
<arg>${MONGO_URI}</arg>
<arg>${filter}</arg>
<status status="PASS" starttime="20221228 17:38:34.037" endtime="20221228 17:38:35.567"/>
</kw>
<status status="PASS" starttime="20221228 17:38:34.036" endtime="20221228 17:38:35.568"/>
</kw>
<kw name="POST Partner" library="services">
<var>${response}</var>
<arg>${partner}</arg>
<kw name="POST" library="RequestsLibrary">
<var>${response}</var>
<arg>${BASE_URL}</arg>
<arg>json=${payload}</arg>
<arg>headers=${HEADERS}</arg>
<arg>expected_status=any</arg>
<doc>Sends a POST request.</doc>
<msg timestamp="20221228 17:38:35.752" level="INFO">POST Request : url=http://localhost:3333/partners 
 path_url=/partners 
 headers={'User-Agent': 'python-requests/2.28.1', 'Accept-Encoding': 'gzip, deflate', 'Accept': '*/*', 'Connection': 'keep-alive', 'Content-Type': 'application/json', 'auth_user': 'qa', 'auth_password': 'ninja', 'Content-Length': '113'} 
 body=b'{"name": "Pizzas Papito", "email": "contato@papito.com.br", "whatsapp": "11999999999", "business": "Restaurante"}' 
 </msg>
<msg timestamp="20221228 17:38:35.753" level="INFO">POST Response : url=http://localhost:3333/partners 
 status=201, reason=Created 
 headers={'X-Powered-By': 'Express', 'Access-Control-Allow-Origin': '*', 'Access-Control-Expose-Headers': 'Authorization,auth_user,auth_password', 'Content-Type': 'application/json; charset=utf-8', 'Content-Length': '41', 'ETag': 'W/"29-Qo5zmo5f31/Xw81OT8lMqZ3/TzQ"', 'Date': 'Wed, 28 Dec 2022 20:38:35 GMT', 'Connection': 'keep-alive', 'Keep-Alive': 'timeout=5'} 
 body={"partner_id":"63aca94b572003ffc2549dda"} 
 </msg>
<msg timestamp="20221228 17:38:35.753" level="INFO">${response} = &lt;Response [201]&gt;</msg>
<status status="PASS" starttime="20221228 17:38:35.572" endtime="20221228 17:38:35.753"/>
</kw>
<msg timestamp="20221228 17:38:35.753" level="INFO">${response} = &lt;Response [201]&gt;</msg>
<status status="PASS" starttime="20221228 17:38:35.570" endtime="20221228 17:38:35.753"/>
</kw>
<kw name="Status Should Be" library="RequestsLibrary">
<arg>201</arg>
<doc>Fails if response status code is different than the expected.</doc>
<status status="PASS" starttime="20221228 17:38:35.754" endtime="20221228 17:38:35.755"/>
</kw>
<kw name="Find Partner By Name" library="database">
<var>${result}</var>
<arg>${partner}[name]</arg>
<kw name="Create Dictionary" library="BuiltIn">
<var>${filter}</var>
<arg>name=${partner_name}</arg>
<doc>Creates and returns a dictionary based on the given ``items``.</doc>
<msg timestamp="20221228 17:38:35.757" level="INFO">${filter} = {'name': 'Pizzas Papito'}</msg>
<status status="PASS" starttime="20221228 17:38:35.757" endtime="20221228 17:38:35.757"/>
</kw>
<kw name="Find" library="RobotMongoDBLibrary.Find">
<var>${results}</var>
<arg>${MONGO_URI}</arg>
<arg>${filter}</arg>
<msg timestamp="20221228 17:38:37.166" level="INFO">${results} = [{'_id': '63aca94b572003ffc2549dda', 'name': 'Pizzas Papito', 'email': 'contato@papito.com.br', 'whatsapp': '11999999999', 'business': 'Restaurante', 'active': False, 'created_at': datetime.datetime(2...</msg>
<status status="PASS" starttime="20221228 17:38:35.758" endtime="20221228 17:38:37.167"/>
</kw>
<msg timestamp="20221228 17:38:37.168" level="INFO">${result} = {'_id': '63aca94b572003ffc2549dda', 'name': 'Pizzas Papito', 'email': 'contato@papito.com.br', 'whatsapp': '11999999999', 'business': 'Restaurante', 'active': False, 'created_at': datetime.datetime(20...</msg>
<status status="PASS" starttime="20221228 17:38:35.755" endtime="20221228 17:38:37.168"/>
</kw>
<kw name="Should Be Equal" library="BuiltIn">
<arg>${response.json()}[partner_id]</arg>
<arg>${result}[_id]</arg>
<doc>Fails if the given objects are unequal.</doc>
<status status="PASS" starttime="20221228 17:38:37.170" endtime="20221228 17:38:37.172"/>
</kw>
<status status="PASS" starttime="20221228 17:38:34.033" endtime="20221228 17:38:37.173"/>
</test>
<test id="s1-s3-t2" name="Should return duplicate company name" line="19">
<kw name="Factory Dup Name" library="partner">
<var>${partner}</var>
<msg timestamp="20221228 17:38:37.178" level="INFO">${partner} = {'name': 'Adega do alemão', 'email': 'contato@alemao.com.br', 'whatsapp': '21999999999', 'business': 'Conveniência'}</msg>
<status status="PASS" starttime="20221228 17:38:37.178" endtime="20221228 17:38:37.178"/>
</kw>
<kw name="Remove Partner By Name" library="database">
<arg>${partner}[name]</arg>
<kw name="Create Dictionary" library="BuiltIn">
<var>${filter}</var>
<arg>name=${partner_name}</arg>
<doc>Creates and returns a dictionary based on the given ``items``.</doc>
<msg timestamp="20221228 17:38:37.180" level="INFO">${filter} = {'name': 'Adega do alemão'}</msg>
<status status="PASS" starttime="20221228 17:38:37.180" endtime="20221228 17:38:37.180"/>
</kw>
<kw name="Delete One" library="RobotMongoDBLibrary.Delete">
<arg>${MONGO_URI}</arg>
<arg>${filter}</arg>
<status status="PASS" starttime="20221228 17:38:37.181" endtime="20221228 17:38:38.617"/>
</kw>
<status status="PASS" starttime="20221228 17:38:37.179" endtime="20221228 17:38:38.618"/>
</kw>
<kw name="POST Partner" library="services">
<arg>${partner}</arg>
<kw name="POST" library="RequestsLibrary">
<var>${response}</var>
<arg>${BASE_URL}</arg>
<arg>json=${payload}</arg>
<arg>headers=${HEADERS}</arg>
<arg>expected_status=any</arg>
<doc>Sends a POST request.</doc>
<msg timestamp="20221228 17:38:38.780" level="INFO">POST Request : url=http://localhost:3333/partners 
 path_url=/partners 
 headers={'User-Agent': 'python-requests/2.28.1', 'Accept-Encoding': 'gzip, deflate', 'Accept': '*/*', 'Connection': 'keep-alive', 'Content-Type': 'application/json', 'auth_user': 'qa', 'auth_password': 'ninja', 'Content-Length': '126'} 
 body=b'{"name": "Adega do alem\\u00e3o", "email": "contato@alemao.com.br", "whatsapp": "21999999999", "business": "Conveni\\u00eancia"}' 
 </msg>
<msg timestamp="20221228 17:38:38.781" level="INFO">POST Response : url=http://localhost:3333/partners 
 status=409, reason=Conflict 
 headers={'X-Powered-By': 'Express', 'Access-Control-Allow-Origin': '*', 'Access-Control-Expose-Headers': 'Authorization,auth_user,auth_password', 'Content-Type': 'application/json; charset=utf-8', 'Content-Length': '29', 'ETag': 'W/"1d-KaYMAApfZd+Hsi4sqiDWKxrzBQU"', 'Date': 'Wed, 28 Dec 2022 20:38:38 GMT', 'Connection': 'keep-alive', 'Keep-Alive': 'timeout=5'} 
 body={"message":"Duplicate email"} 
 </msg>
<msg timestamp="20221228 17:38:38.781" level="INFO">${response} = &lt;Response [409]&gt;</msg>
<status status="PASS" starttime="20221228 17:38:38.622" endtime="20221228 17:38:38.781"/>
</kw>
<status status="PASS" starttime="20221228 17:38:38.620" endtime="20221228 17:38:38.781"/>
</kw>
<kw name="POST Partner" library="services">
<var>${response}</var>
<arg>${partner}</arg>
<kw name="POST" library="RequestsLibrary">
<var>${response}</var>
<arg>${BASE_URL}</arg>
<arg>json=${payload}</arg>
<arg>headers=${HEADERS}</arg>
<arg>expected_status=any</arg>
<doc>Sends a POST request.</doc>
<msg timestamp="20221228 17:38:38.927" level="INFO">POST Request : url=http://localhost:3333/partners 
 path_url=/partners 
 headers={'User-Agent': 'python-requests/2.28.1', 'Accept-Encoding': 'gzip, deflate', 'Accept': '*/*', 'Connection': 'keep-alive', 'Content-Type': 'application/json', 'auth_user': 'qa', 'auth_password': 'ninja', 'Content-Length': '126'} 
 body=b'{"name": "Adega do alem\\u00e3o", "email": "contato@alemao.com.br", "whatsapp": "21999999999", "business": "Conveni\\u00eancia"}' 
 </msg>
<msg timestamp="20221228 17:38:38.927" level="INFO">POST Response : url=http://localhost:3333/partners 
 status=409, reason=Conflict 
 headers={'X-Powered-By': 'Express', 'Access-Control-Allow-Origin': '*', 'Access-Control-Expose-Headers': 'Authorization,auth_user,auth_password', 'Content-Type': 'application/json; charset=utf-8', 'Content-Length': '29', 'ETag': 'W/"1d-KaYMAApfZd+Hsi4sqiDWKxrzBQU"', 'Date': 'Wed, 28 Dec 2022 20:38:38 GMT', 'Connection': 'keep-alive', 'Keep-Alive': 'timeout=5'} 
 body={"message":"Duplicate email"} 
 </msg>
<msg timestamp="20221228 17:38:38.927" level="INFO">${response} = &lt;Response [409]&gt;</msg>
<status status="PASS" starttime="20221228 17:38:38.783" endtime="20221228 17:38:38.927"/>
</kw>
<msg timestamp="20221228 17:38:38.928" level="INFO">${response} = &lt;Response [409]&gt;</msg>
<status status="PASS" starttime="20221228 17:38:38.783" endtime="20221228 17:38:38.928"/>
</kw>
<kw name="Status Should Be" library="RequestsLibrary">
<arg>409</arg>
<doc>Fails if response status code is different than the expected.</doc>
<status status="PASS" starttime="20221228 17:38:38.929" endtime="20221228 17:38:38.930"/>
</kw>
<kw name="Should Be Equal" library="BuiltIn">
<arg>${response.json()}[message]</arg>
<arg>Duplicate email</arg>
<doc>Fails if the given objects are unequal.</doc>
<status status="PASS" starttime="20221228 17:38:38.931" endtime="20221228 17:38:38.934"/>
</kw>
<tag>bugs</tag>
<status status="PASS" starttime="20221228 17:38:37.177" endtime="20221228 17:38:38.935"/>
</test>
<doc>POST /partners</doc>
<status status="PASS" starttime="20221228 17:38:34.023" endtime="20221228 17:38:38.939"/>
</suite>
<suite id="s1-s4" name="Put" source="C:\qaninja\buger-eats-partner-api-tests\tests\put.robot">
<test id="s1-s4-t1" name="Should enable a partner" line="7">
<kw name="Factory Enable Partner" library="partner">
<var>${partner}</var>
<msg timestamp="20221228 17:38:38.956" level="INFO">${partner} = {'name': 'Doceria do Alemão', 'email': 'contato@doceriaalm.com.br', 'whatsapp': '11999999999', 'business': 'Conveniência'}</msg>
<status status="PASS" starttime="20221228 17:38:38.956" endtime="20221228 17:38:38.956"/>
</kw>
<kw name="Create a new partner" library="helpers">
<var>${partner_id}</var>
<arg>${partner}</arg>
<kw name="Remove Partner By Name" library="database">
<arg>${partner}[name]</arg>
<kw name="Create Dictionary" library="BuiltIn">
<var>${filter}</var>
<arg>name=${partner_name}</arg>
<doc>Creates and returns a dictionary based on the given ``items``.</doc>
<msg timestamp="20221228 17:38:38.958" level="INFO">${filter} = {'name': 'Doceria do Alemão'}</msg>
<status status="PASS" starttime="20221228 17:38:38.957" endtime="20221228 17:38:38.958"/>
</kw>
<kw name="Delete One" library="RobotMongoDBLibrary.Delete">
<arg>${MONGO_URI}</arg>
<arg>${filter}</arg>
<status status="PASS" starttime="20221228 17:38:38.958" endtime="20221228 17:38:40.350"/>
</kw>
<status status="PASS" starttime="20221228 17:38:38.957" endtime="20221228 17:38:40.350"/>
</kw>
<kw name="POST Partner" library="services">
<var>${response}</var>
<arg>${partner}</arg>
<kw name="POST" library="RequestsLibrary">
<var>${response}</var>
<arg>${BASE_URL}</arg>
<arg>json=${payload}</arg>
<arg>headers=${HEADERS}</arg>
<arg>expected_status=any</arg>
<doc>Sends a POST request.</doc>
<msg timestamp="20221228 17:38:40.501" level="INFO">POST Request : url=http://localhost:3333/partners 
 path_url=/partners 
 headers={'User-Agent': 'python-requests/2.28.1', 'Accept-Encoding': 'gzip, deflate', 'Accept': '*/*', 'Connection': 'keep-alive', 'Content-Type': 'application/json', 'auth_user': 'qa', 'auth_password': 'ninja', 'Content-Length': '132'} 
 body=b'{"name": "Doceria do Alem\\u00e3o", "email": "contato@doceriaalm.com.br", "whatsapp": "11999999999", "business": "Conveni\\u00eancia"}' 
 </msg>
<msg timestamp="20221228 17:38:40.501" level="INFO">POST Response : url=http://localhost:3333/partners 
 status=201, reason=Created 
 headers={'X-Powered-By': 'Express', 'Access-Control-Allow-Origin': '*', 'Access-Control-Expose-Headers': 'Authorization,auth_user,auth_password', 'Content-Type': 'application/json; charset=utf-8', 'Content-Length': '41', 'ETag': 'W/"29-LJvNF1+YD7h8ASBbLAOw51+eP28"', 'Date': 'Wed, 28 Dec 2022 20:38:40 GMT', 'Connection': 'keep-alive', 'Keep-Alive': 'timeout=5'} 
 body={"partner_id":"63aca950572003ffc2549de0"} 
 </msg>
<msg timestamp="20221228 17:38:40.502" level="INFO">${response} = &lt;Response [201]&gt;</msg>
<status status="PASS" starttime="20221228 17:38:40.352" endtime="20221228 17:38:40.502"/>
</kw>
<msg timestamp="20221228 17:38:40.503" level="INFO">${response} = &lt;Response [201]&gt;</msg>
<status status="PASS" starttime="20221228 17:38:40.350" endtime="20221228 17:38:40.503"/>
</kw>
<kw name="Set Variable" library="BuiltIn">
<var>${partner_id}</var>
<arg>${response.json()}[partner_id]</arg>
<doc>Returns the given values which can then be assigned to a variables.</doc>
<msg timestamp="20221228 17:38:40.506" level="INFO">${partner_id} = 63aca950572003ffc2549de0</msg>
<status status="PASS" starttime="20221228 17:38:40.504" endtime="20221228 17:38:40.506"/>
</kw>
<msg timestamp="20221228 17:38:40.507" level="INFO">${partner_id} = 63aca950572003ffc2549de0</msg>
<status status="PASS" starttime="20221228 17:38:38.957" endtime="20221228 17:38:40.507"/>
</kw>
<kw name="Enable Partner" library="services">
<var>${response}</var>
<arg>${partner_id}</arg>
<kw name="PUT" library="RequestsLibrary">
<var>${response}</var>
<arg>${BASE_URL}/${partner_id}/enable</arg>
<arg>headers=${HEADERS}</arg>
<arg>expected_status=any</arg>
<doc>Sends a PUT request.</doc>
<msg timestamp="20221228 17:38:40.663" level="INFO">PUT Request : url=http://localhost:3333/partners/63aca950572003ffc2549de0/enable 
 path_url=/partners/63aca950572003ffc2549de0/enable 
 headers={'User-Agent': 'python-requests/2.28.1', 'Accept-Encoding': 'gzip, deflate', 'Accept': '*/*', 'Connection': 'keep-alive', 'Content-Type': 'application/json', 'auth_user': 'qa', 'auth_password': 'ninja', 'Content-Length': '0'} 
 body=None 
 </msg>
<msg timestamp="20221228 17:38:40.663" level="INFO">PUT Response : url=http://localhost:3333/partners/63aca950572003ffc2549de0/enable 
 status=200, reason=OK 
 headers={'X-Powered-By': 'Express', 'Access-Control-Allow-Origin': '*', 'Access-Control-Expose-Headers': 'Authorization,auth_user,auth_password', 'Date': 'Wed, 28 Dec 2022 20:38:40 GMT', 'Connection': 'keep-alive', 'Keep-Alive': 'timeout=5', 'Content-Length': '0'} 
 body=None 
 </msg>
<msg timestamp="20221228 17:38:40.663" level="INFO">${response} = &lt;Response [200]&gt;</msg>
<status status="PASS" starttime="20221228 17:38:40.512" endtime="20221228 17:38:40.663"/>
</kw>
<msg timestamp="20221228 17:38:40.664" level="INFO">${response} = &lt;Response [200]&gt;</msg>
<status status="PASS" starttime="20221228 17:38:40.510" endtime="20221228 17:38:40.664"/>
</kw>
<kw name="Status Should Be" library="RequestsLibrary">
<arg>200</arg>
<doc>Fails if response status code is different than the expected.</doc>
<status status="PASS" starttime="20221228 17:38:40.665" endtime="20221228 17:38:40.666"/>
</kw>
<status status="PASS" starttime="20221228 17:38:38.956" endtime="20221228 17:38:40.666"/>
</test>
<test id="s1-s4-t2" name="Should disable a partner" line="16">
<kw name="Factory Disable Partner" library="partner">
<var>${partner}</var>
<msg timestamp="20221228 17:38:40.672" level="INFO">${partner} = {'name': 'Mercado Noite', 'email': 'contato@noite.com.br', 'whatsapp': '11999999999', 'business': 'Supermercado'}</msg>
<status status="PASS" starttime="20221228 17:38:40.670" endtime="20221228 17:38:40.672"/>
</kw>
<kw name="Create a new partner" library="helpers">
<var>${partner_id}</var>
<arg>${partner}</arg>
<kw name="Remove Partner By Name" library="database">
<arg>${partner}[name]</arg>
<kw name="Create Dictionary" library="BuiltIn">
<var>${filter}</var>
<arg>name=${partner_name}</arg>
<doc>Creates and returns a dictionary based on the given ``items``.</doc>
<msg timestamp="20221228 17:38:40.674" level="INFO">${filter} = {'name': 'Mercado Noite'}</msg>
<status status="PASS" starttime="20221228 17:38:40.674" endtime="20221228 17:38:40.674"/>
</kw>
<kw name="Delete One" library="RobotMongoDBLibrary.Delete">
<arg>${MONGO_URI}</arg>
<arg>${filter}</arg>
<status status="PASS" starttime="20221228 17:38:40.674" endtime="20221228 17:38:42.134"/>
</kw>
<status status="PASS" starttime="20221228 17:38:40.673" endtime="20221228 17:38:42.135"/>
</kw>
<kw name="POST Partner" library="services">
<var>${response}</var>
<arg>${partner}</arg>
<kw name="POST" library="RequestsLibrary">
<var>${response}</var>
<arg>${BASE_URL}</arg>
<arg>json=${payload}</arg>
<arg>headers=${HEADERS}</arg>
<arg>expected_status=any</arg>
<doc>Sends a POST request.</doc>
<msg timestamp="20221228 17:38:42.292" level="INFO">POST Request : url=http://localhost:3333/partners 
 path_url=/partners 
 headers={'User-Agent': 'python-requests/2.28.1', 'Accept-Encoding': 'gzip, deflate', 'Accept': '*/*', 'Connection': 'keep-alive', 'Content-Type': 'application/json', 'auth_user': 'qa', 'auth_password': 'ninja', 'Content-Length': '113'} 
 body=b'{"name": "Mercado Noite", "email": "contato@noite.com.br", "whatsapp": "11999999999", "business": "Supermercado"}' 
 </msg>
<msg timestamp="20221228 17:38:42.292" level="INFO">POST Response : url=http://localhost:3333/partners 
 status=201, reason=Created 
 headers={'X-Powered-By': 'Express', 'Access-Control-Allow-Origin': '*', 'Access-Control-Expose-Headers': 'Authorization,auth_user,auth_password', 'Content-Type': 'application/json; charset=utf-8', 'Content-Length': '41', 'ETag': 'W/"29-Oqv0StY+8lPaf2GgEZEQr1TBGYQ"', 'Date': 'Wed, 28 Dec 2022 20:38:42 GMT', 'Connection': 'keep-alive', 'Keep-Alive': 'timeout=5'} 
 body={"partner_id":"63aca952572003ffc2549de3"} 
 </msg>
<msg timestamp="20221228 17:38:42.293" level="INFO">${response} = &lt;Response [201]&gt;</msg>
<status status="PASS" starttime="20221228 17:38:42.137" endtime="20221228 17:38:42.293"/>
</kw>
<msg timestamp="20221228 17:38:42.294" level="INFO">${response} = &lt;Response [201]&gt;</msg>
<status status="PASS" starttime="20221228 17:38:42.135" endtime="20221228 17:38:42.294"/>
</kw>
<kw name="Set Variable" library="BuiltIn">
<var>${partner_id}</var>
<arg>${response.json()}[partner_id]</arg>
<doc>Returns the given values which can then be assigned to a variables.</doc>
<msg timestamp="20221228 17:38:42.297" level="INFO">${partner_id} = 63aca952572003ffc2549de3</msg>
<status status="PASS" starttime="20221228 17:38:42.295" endtime="20221228 17:38:42.297"/>
</kw>
<msg timestamp="20221228 17:38:42.297" level="INFO">${partner_id} = 63aca952572003ffc2549de3</msg>
<status status="PASS" starttime="20221228 17:38:40.673" endtime="20221228 17:38:42.298"/>
</kw>
<kw name="Enable Partner" library="services">
<arg>${partner_id}</arg>
<kw name="PUT" library="RequestsLibrary">
<var>${response}</var>
<arg>${BASE_URL}/${partner_id}/enable</arg>
<arg>headers=${HEADERS}</arg>
<arg>expected_status=any</arg>
<doc>Sends a PUT request.</doc>
<msg timestamp="20221228 17:38:42.445" level="INFO">PUT Request : url=http://localhost:3333/partners/63aca952572003ffc2549de3/enable 
 path_url=/partners/63aca952572003ffc2549de3/enable 
 headers={'User-Agent': 'python-requests/2.28.1', 'Accept-Encoding': 'gzip, deflate', 'Accept': '*/*', 'Connection': 'keep-alive', 'Content-Type': 'application/json', 'auth_user': 'qa', 'auth_password': 'ninja', 'Content-Length': '0'} 
 body=None 
 </msg>
<msg timestamp="20221228 17:38:42.446" level="INFO">PUT Response : url=http://localhost:3333/partners/63aca952572003ffc2549de3/enable 
 status=200, reason=OK 
 headers={'X-Powered-By': 'Express', 'Access-Control-Allow-Origin': '*', 'Access-Control-Expose-Headers': 'Authorization,auth_user,auth_password', 'Date': 'Wed, 28 Dec 2022 20:38:42 GMT', 'Connection': 'keep-alive', 'Keep-Alive': 'timeout=5', 'Content-Length': '0'} 
 body=None 
 </msg>
<msg timestamp="20221228 17:38:42.446" level="INFO">${response} = &lt;Response [200]&gt;</msg>
<status status="PASS" starttime="20221228 17:38:42.301" endtime="20221228 17:38:42.446"/>
</kw>
<status status="PASS" starttime="20221228 17:38:42.300" endtime="20221228 17:38:42.446"/>
</kw>
<kw name="Disable Partner" library="services">
<var>${response}</var>
<arg>${partner_id}</arg>
<kw name="PUT" library="RequestsLibrary">
<var>${response}</var>
<arg>${BASE_URL}/${partner_id}/disable</arg>
<arg>headers=${HEADERS}</arg>
<arg>expected_status=any</arg>
<doc>Sends a PUT request.</doc>
<msg timestamp="20221228 17:38:42.587" level="INFO">PUT Request : url=http://localhost:3333/partners/63aca952572003ffc2549de3/disable 
 path_url=/partners/63aca952572003ffc2549de3/disable 
 headers={'User-Agent': 'python-requests/2.28.1', 'Accept-Encoding': 'gzip, deflate', 'Accept': '*/*', 'Connection': 'keep-alive', 'Content-Type': 'application/json', 'auth_user': 'qa', 'auth_password': 'ninja', 'Content-Length': '0'} 
 body=None 
 </msg>
<msg timestamp="20221228 17:38:42.587" level="INFO">PUT Response : url=http://localhost:3333/partners/63aca952572003ffc2549de3/disable 
 status=200, reason=OK 
 headers={'X-Powered-By': 'Express', 'Access-Control-Allow-Origin': '*', 'Access-Control-Expose-Headers': 'Authorization,auth_user,auth_password', 'Date': 'Wed, 28 Dec 2022 20:38:42 GMT', 'Connection': 'keep-alive', 'Keep-Alive': 'timeout=5', 'Content-Length': '0'} 
 body=None 
 </msg>
<msg timestamp="20221228 17:38:42.588" level="INFO">${response} = &lt;Response [200]&gt;</msg>
<status status="PASS" starttime="20221228 17:38:42.447" endtime="20221228 17:38:42.588"/>
</kw>
<msg timestamp="20221228 17:38:42.589" level="INFO">${response} = &lt;Response [200]&gt;</msg>
<status status="PASS" starttime="20221228 17:38:42.446" endtime="20221228 17:38:42.589"/>
</kw>
<kw name="Status Should Be" library="RequestsLibrary">
<arg>200</arg>
<doc>Fails if response status code is different than the expected.</doc>
<status status="PASS" starttime="20221228 17:38:42.590" endtime="20221228 17:38:42.591"/>
</kw>
<status status="PASS" starttime="20221228 17:38:40.669" endtime="20221228 17:38:42.592"/>
</test>
<test id="s1-s4-t3" name="Should return 404 on enable a partner" line="26">
<kw name="Factory 404 Partner" library="partner">
<var>${partner}</var>
<msg timestamp="20221228 17:38:42.598" level="INFO">${partner} = {'name': 'Franqueto', 'email': 'contato@Franqueto.com.br', 'whatsapp': '11999999999', 'business': 'Restaurante'}</msg>
<status status="PASS" starttime="20221228 17:38:42.597" endtime="20221228 17:38:42.598"/>
</kw>
<kw name="Create a new partner" library="helpers">
<var>${partner_id}</var>
<arg>${partner}</arg>
<kw name="Remove Partner By Name" library="database">
<arg>${partner}[name]</arg>
<kw name="Create Dictionary" library="BuiltIn">
<var>${filter}</var>
<arg>name=${partner_name}</arg>
<doc>Creates and returns a dictionary based on the given ``items``.</doc>
<msg timestamp="20221228 17:38:42.603" level="INFO">${filter} = {'name': 'Franqueto'}</msg>
<status status="PASS" starttime="20221228 17:38:42.602" endtime="20221228 17:38:42.603"/>
</kw>
<kw name="Delete One" library="RobotMongoDBLibrary.Delete">
<arg>${MONGO_URI}</arg>
<arg>${filter}</arg>
<status status="PASS" starttime="20221228 17:38:42.603" endtime="20221228 17:38:44.066"/>
</kw>
<status status="PASS" starttime="20221228 17:38:42.600" endtime="20221228 17:38:44.067"/>
</kw>
<kw name="POST Partner" library="services">
<var>${response}</var>
<arg>${partner}</arg>
<kw name="POST" library="RequestsLibrary">
<var>${response}</var>
<arg>${BASE_URL}</arg>
<arg>json=${payload}</arg>
<arg>headers=${HEADERS}</arg>
<arg>expected_status=any</arg>
<doc>Sends a POST request.</doc>
<msg timestamp="20221228 17:38:44.227" level="INFO">POST Request : url=http://localhost:3333/partners 
 path_url=/partners 
 headers={'User-Agent': 'python-requests/2.28.1', 'Accept-Encoding': 'gzip, deflate', 'Accept': '*/*', 'Connection': 'keep-alive', 'Content-Type': 'application/json', 'auth_user': 'qa', 'auth_password': 'ninja', 'Content-Length': '112'} 
 body=b'{"name": "Franqueto", "email": "contato@Franqueto.com.br", "whatsapp": "11999999999", "business": "Restaurante"}' 
 </msg>
<msg timestamp="20221228 17:38:44.227" level="INFO">POST Response : url=http://localhost:3333/partners 
 status=201, reason=Created 
 headers={'X-Powered-By': 'Express', 'Access-Control-Allow-Origin': '*', 'Access-Control-Expose-Headers': 'Authorization,auth_user,auth_password', 'Content-Type': 'application/json; charset=utf-8', 'Content-Length': '41', 'ETag': 'W/"29-Kx26hvjcTVxUWozDQ0tC7WXU3Ro"', 'Date': 'Wed, 28 Dec 2022 20:38:44 GMT', 'Connection': 'keep-alive', 'Keep-Alive': 'timeout=5'} 
 body={"partner_id":"63aca954572003ffc2549de7"} 
 </msg>
<msg timestamp="20221228 17:38:44.227" level="INFO">${response} = &lt;Response [201]&gt;</msg>
<status status="PASS" starttime="20221228 17:38:44.069" endtime="20221228 17:38:44.227"/>
</kw>
<msg timestamp="20221228 17:38:44.227" level="INFO">${response} = &lt;Response [201]&gt;</msg>
<status status="PASS" starttime="20221228 17:38:44.067" endtime="20221228 17:38:44.228"/>
</kw>
<kw name="Set Variable" library="BuiltIn">
<var>${partner_id}</var>
<arg>${response.json()}[partner_id]</arg>
<doc>Returns the given values which can then be assigned to a variables.</doc>
<msg timestamp="20221228 17:38:44.229" level="INFO">${partner_id} = 63aca954572003ffc2549de7</msg>
<status status="PASS" starttime="20221228 17:38:44.228" endtime="20221228 17:38:44.229"/>
</kw>
<msg timestamp="20221228 17:38:44.230" level="INFO">${partner_id} = 63aca954572003ffc2549de7</msg>
<status status="PASS" starttime="20221228 17:38:42.599" endtime="20221228 17:38:44.230"/>
</kw>
<kw name="Remove Partner By Name" library="database">
<arg>${partner}[name]</arg>
<kw name="Create Dictionary" library="BuiltIn">
<var>${filter}</var>
<arg>name=${partner_name}</arg>
<doc>Creates and returns a dictionary based on the given ``items``.</doc>
<msg timestamp="20221228 17:38:44.232" level="INFO">${filter} = {'name': 'Franqueto'}</msg>
<status status="PASS" starttime="20221228 17:38:44.231" endtime="20221228 17:38:44.232"/>
</kw>
<kw name="Delete One" library="RobotMongoDBLibrary.Delete">
<arg>${MONGO_URI}</arg>
<arg>${filter}</arg>
<status status="PASS" starttime="20221228 17:38:44.232" endtime="20221228 17:38:45.662"/>
</kw>
<status status="PASS" starttime="20221228 17:38:44.231" endtime="20221228 17:38:45.662"/>
</kw>
<kw name="Enable Partner" library="services">
<var>${response}</var>
<arg>${partner_id}</arg>
<kw name="PUT" library="RequestsLibrary">
<var>${response}</var>
<arg>${BASE_URL}/${partner_id}/enable</arg>
<arg>headers=${HEADERS}</arg>
<arg>expected_status=any</arg>
<doc>Sends a PUT request.</doc>
<msg timestamp="20221228 17:38:45.812" level="INFO">PUT Request : url=http://localhost:3333/partners/63aca954572003ffc2549de7/enable 
 path_url=/partners/63aca954572003ffc2549de7/enable 
 headers={'User-Agent': 'python-requests/2.28.1', 'Accept-Encoding': 'gzip, deflate', 'Accept': '*/*', 'Connection': 'keep-alive', 'Content-Type': 'application/json', 'auth_user': 'qa', 'auth_password': 'ninja', 'Content-Length': '0'} 
 body=None 
 </msg>
<msg timestamp="20221228 17:38:45.812" level="INFO">PUT Response : url=http://localhost:3333/partners/63aca954572003ffc2549de7/enable 
 status=404, reason=Not Found 
 headers={'X-Powered-By': 'Express', 'Access-Control-Allow-Origin': '*', 'Access-Control-Expose-Headers': 'Authorization,auth_user,auth_password', 'Date': 'Wed, 28 Dec 2022 20:38:45 GMT', 'Connection': 'keep-alive', 'Keep-Alive': 'timeout=5', 'Content-Length': '0'} 
 body=None 
 </msg>
<msg timestamp="20221228 17:38:45.812" level="INFO">${response} = &lt;Response [404]&gt;</msg>
<status status="PASS" starttime="20221228 17:38:45.666" endtime="20221228 17:38:45.812"/>
</kw>
<msg timestamp="20221228 17:38:45.812" level="INFO">${response} = &lt;Response [404]&gt;</msg>
<status status="PASS" starttime="20221228 17:38:45.664" endtime="20221228 17:38:45.813"/>
</kw>
<kw name="Status Should Be" library="RequestsLibrary">
<arg>404</arg>
<doc>Fails if response status code is different than the expected.</doc>
<status status="PASS" starttime="20221228 17:38:45.814" endtime="20221228 17:38:45.814"/>
</kw>
<status status="PASS" starttime="20221228 17:38:42.596" endtime="20221228 17:38:45.815"/>
</test>
<test id="s1-s4-t4" name="Should return 404 on disable a partner" line="37">
<kw name="Factory 404 Partner" library="partner">
<var>${partner}</var>
<msg timestamp="20221228 17:38:45.821" level="INFO">${partner} = {'name': 'Franqueto', 'email': 'contato@Franqueto.com.br', 'whatsapp': '11999999999', 'business': 'Restaurante'}</msg>
<status status="PASS" starttime="20221228 17:38:45.820" endtime="20221228 17:38:45.821"/>
</kw>
<kw name="Create a new partner" library="helpers">
<var>${partner_id}</var>
<arg>${partner}</arg>
<kw name="Remove Partner By Name" library="database">
<arg>${partner}[name]</arg>
<kw name="Create Dictionary" library="BuiltIn">
<var>${filter}</var>
<arg>name=${partner_name}</arg>
<doc>Creates and returns a dictionary based on the given ``items``.</doc>
<msg timestamp="20221228 17:38:45.826" level="INFO">${filter} = {'name': 'Franqueto'}</msg>
<status status="PASS" starttime="20221228 17:38:45.825" endtime="20221228 17:38:45.826"/>
</kw>
<kw name="Delete One" library="RobotMongoDBLibrary.Delete">
<arg>${MONGO_URI}</arg>
<arg>${filter}</arg>
<status status="PASS" starttime="20221228 17:38:45.827" endtime="20221228 17:38:47.238"/>
</kw>
<status status="PASS" starttime="20221228 17:38:45.825" endtime="20221228 17:38:47.238"/>
</kw>
<kw name="POST Partner" library="services">
<var>${response}</var>
<arg>${partner}</arg>
<kw name="POST" library="RequestsLibrary">
<var>${response}</var>
<arg>${BASE_URL}</arg>
<arg>json=${payload}</arg>
<arg>headers=${HEADERS}</arg>
<arg>expected_status=any</arg>
<doc>Sends a POST request.</doc>
<msg timestamp="20221228 17:38:47.393" level="INFO">POST Request : url=http://localhost:3333/partners 
 path_url=/partners 
 headers={'User-Agent': 'python-requests/2.28.1', 'Accept-Encoding': 'gzip, deflate', 'Accept': '*/*', 'Connection': 'keep-alive', 'Content-Type': 'application/json', 'auth_user': 'qa', 'auth_password': 'ninja', 'Content-Length': '112'} 
 body=b'{"name": "Franqueto", "email": "contato@Franqueto.com.br", "whatsapp": "11999999999", "business": "Restaurante"}' 
 </msg>
<msg timestamp="20221228 17:38:47.393" level="INFO">POST Response : url=http://localhost:3333/partners 
 status=201, reason=Created 
 headers={'X-Powered-By': 'Express', 'Access-Control-Allow-Origin': '*', 'Access-Control-Expose-Headers': 'Authorization,auth_user,auth_password', 'Content-Type': 'application/json; charset=utf-8', 'Content-Length': '41', 'ETag': 'W/"29-epMK4fBHA4u9qmL/BxA8nHeCdio"', 'Date': 'Wed, 28 Dec 2022 20:38:47 GMT', 'Connection': 'keep-alive', 'Keep-Alive': 'timeout=5'} 
 body={"partner_id":"63aca957572003ffc2549dea"} 
 </msg>
<msg timestamp="20221228 17:38:47.393" level="INFO">${response} = &lt;Response [201]&gt;</msg>
<status status="PASS" starttime="20221228 17:38:47.241" endtime="20221228 17:38:47.393"/>
</kw>
<msg timestamp="20221228 17:38:47.395" level="INFO">${response} = &lt;Response [201]&gt;</msg>
<status status="PASS" starttime="20221228 17:38:47.239" endtime="20221228 17:38:47.395"/>
</kw>
<kw name="Set Variable" library="BuiltIn">
<var>${partner_id}</var>
<arg>${response.json()}[partner_id]</arg>
<doc>Returns the given values which can then be assigned to a variables.</doc>
<msg timestamp="20221228 17:38:47.398" level="INFO">${partner_id} = 63aca957572003ffc2549dea</msg>
<status status="PASS" starttime="20221228 17:38:47.396" endtime="20221228 17:38:47.400"/>
</kw>
<msg timestamp="20221228 17:38:47.400" level="INFO">${partner_id} = 63aca957572003ffc2549dea</msg>
<status status="PASS" starttime="20221228 17:38:45.823" endtime="20221228 17:38:47.400"/>
</kw>
<kw name="Remove Partner By Name" library="database">
<arg>${partner}[name]</arg>
<kw name="Create Dictionary" library="BuiltIn">
<var>${filter}</var>
<arg>name=${partner_name}</arg>
<doc>Creates and returns a dictionary based on the given ``items``.</doc>
<msg timestamp="20221228 17:38:47.407" level="INFO">${filter} = {'name': 'Franqueto'}</msg>
<status status="PASS" starttime="20221228 17:38:47.405" endtime="20221228 17:38:47.407"/>
</kw>
<kw name="Delete One" library="RobotMongoDBLibrary.Delete">
<arg>${MONGO_URI}</arg>
<arg>${filter}</arg>
<status status="PASS" starttime="20221228 17:38:47.407" endtime="20221228 17:38:48.851"/>
</kw>
<status status="PASS" starttime="20221228 17:38:47.404" endtime="20221228 17:38:48.851"/>
</kw>
<kw name="Disable Partner" library="services">
<var>${response}</var>
<arg>${partner_id}</arg>
<kw name="PUT" library="RequestsLibrary">
<var>${response}</var>
<arg>${BASE_URL}/${partner_id}/disable</arg>
<arg>headers=${HEADERS}</arg>
<arg>expected_status=any</arg>
<doc>Sends a PUT request.</doc>
<msg timestamp="20221228 17:38:48.997" level="INFO">PUT Request : url=http://localhost:3333/partners/63aca957572003ffc2549dea/disable 
 path_url=/partners/63aca957572003ffc2549dea/disable 
 headers={'User-Agent': 'python-requests/2.28.1', 'Accept-Encoding': 'gzip, deflate', 'Accept': '*/*', 'Connection': 'keep-alive', 'Content-Type': 'application/json', 'auth_user': 'qa', 'auth_password': 'ninja', 'Content-Length': '0'} 
 body=None 
 </msg>
<msg timestamp="20221228 17:38:48.998" level="INFO">PUT Response : url=http://localhost:3333/partners/63aca957572003ffc2549dea/disable 
 status=404, reason=Not Found 
 headers={'X-Powered-By': 'Express', 'Access-Control-Allow-Origin': '*', 'Access-Control-Expose-Headers': 'Authorization,auth_user,auth_password', 'Date': 'Wed, 28 Dec 2022 20:38:48 GMT', 'Connection': 'keep-alive', 'Keep-Alive': 'timeout=5', 'Content-Length': '0'} 
 body=None 
 </msg>
<msg timestamp="20221228 17:38:48.998" level="INFO">${response} = &lt;Response [404]&gt;</msg>
<status status="PASS" starttime="20221228 17:38:48.854" endtime="20221228 17:38:48.998"/>
</kw>
<msg timestamp="20221228 17:38:48.998" level="INFO">${response} = &lt;Response [404]&gt;</msg>
<status status="PASS" starttime="20221228 17:38:48.854" endtime="20221228 17:38:48.999"/>
</kw>
<kw name="Status Should Be" library="RequestsLibrary">
<arg>404</arg>
<doc>Fails if response status code is different than the expected.</doc>
<status status="PASS" starttime="20221228 17:38:49.000" endtime="20221228 17:38:49.001"/>
</kw>
<status status="PASS" starttime="20221228 17:38:45.819" endtime="20221228 17:38:49.002"/>
</test>
<doc>PUT /partners</doc>
<status status="PASS" starttime="20221228 17:38:38.942" endtime="20221228 17:38:49.005"/>
</suite>
<status status="PASS" starttime="20221228 17:38:28.027" endtime="20221228 17:38:49.009"/>
</suite>
<statistics>
<total>
<stat pass="10" fail="0" skip="0">All Tests</stat>
</total>
<tag>
<stat pass="1" fail="0" skip="0">bugs</stat>
</tag>
<suite>
<stat pass="10" fail="0" skip="0" id="s1" name="Tests">Tests</stat>
<stat pass="2" fail="0" skip="0" id="s1-s1" name="Delete">Tests.Delete</stat>
<stat pass="2" fail="0" skip="0" id="s1-s2" name="Get">Tests.Get</stat>
<stat pass="2" fail="0" skip="0" id="s1-s3" name="Post">Tests.Post</stat>
<stat pass="4" fail="0" skip="0" id="s1-s4" name="Put">Tests.Put</stat>
</suite>
</statistics>
<errors>
</errors>
</robot>
